	Iozone: Performance Test of File I/O
	        Version $Revision: 3.492 $
		Compiled for 64 bit mode.
		Build: linux 

	Contributors:William Norcott, Don Capps, Isom Crawford, Kirby Collins
	             Al Slater, Scott Rhine, Mike Wisner, Ken Goss
	             Steve Landherr, Brad Smith, Mark Kelly, Dr. Alain CYR,
	             Randy Dunlap, Mark Montague, Dan Million, Gavin Brebner,
	             Jean-Marc Zucconi, Jeff Blomberg, Benny Halevy, Dave Boone,
	             Erik Habbinga, Kris Strecker, Walter Wong, Joshua Root,
	             Fabrice Bacchella, Zhenghua Xue, Qin Li, Darren Sawyer,
	             Vangel Bojaxhi, Ben England, Vikentsi Lapa,
	             Alexey Skidanov, Sudhir Kumar.

	Run began: Mon Nov 22 17:29:05 2021

	Excel chart generation enabled
	Auto Mode
	Command line used: iozone -Ra
	Output is in kBytes/sec
	Time Resolution = 0.000001 seconds.
	Processor cache size set to 1024 kBytes.
	Processor cache line size set to 32 bytes.
	File stride size set to 17 * record size.
                                                              random    random     bkwd    record    stride                                    
              kB  reclen    write  rewrite    read    reread    read     write     read   rewrite      read   fwrite frewrite    fread  freread
              64       4    87557   171217    84658   752329    66944   115515    21774     57189     21382   105070   388021    30609   100620
              64       8   196396   166233   743988  1013707    43834   243411   218452    484710    809014   537079   525513   720041   955947
              64      16   313664   821391    46076   532815    39217   576282    73547    621657    969761   503814   197407   799377  1083249
              64      32   402569    69945   524487   659861   438043   290890   673098    752329   1143223    53560   520419   412466   582535
              64      64   104052   955947  1249666  1232453  1033216   842003   863676     63492    109217   703068    79706    73810  1002351
             128       4   163639   537512   735635   330828   617941   122831   125972    511887     79953   138375   205162   615814    67295
             128       8    64420   279502   423798   118284   805138   600657   662962    618653    895074   238312   633995    53650   913347
             128      16   162845   821147  1015251  1196221  1057236    91354   731625    488594   1067750   799146   895074   847059  1102844
             128      32    60871   836500   186880   213739    86483   748976   969421    278777   1111981   927549    93355  1123617  1436229
             128      64   565838    93779  1504659  1684006   154237   800337  1032829     86316    579270   180048  1359835   132895  1306873
             128     128   238312   473930   650117   659704    94672   836500  1085013    630273    508012   449337   183935   848397  1217930
             256       4   128256   409699   231469   428159   203830   290608   145123     85361     89509    84574   134388   276181   151384
             256       8    82603   174031    96060   274067   129167   157444   107161    142051    847597   162964   394496   815414   178754
             256      16   129885   217673  1084800  1293967   153769   219363   122380    147637    150135   110299   227545   199847   310976
             256      32   124034   276751   175942  1347557  1286217   775933  1080434    133953    210174   852984   146790  1108314  1430119
             256      64    68448   291555   329085   413644   160504   265265   152567    150683    691930   139143   324804   137627   316849
             256     128   643419   387939   148577   462061  1415041   266980   264415   1112909    609455   825443  1391207  1361224   243821
             256     256   141359   262028   719277  1543163  1455317   261009   187395    235273   1280084  1099237   465466  1354356   257504
             512       4   107969   433501   338356   407043   167369   125124   233274    311644    257652   246871   306005   291904   205131
             512       8   140314   221166   642419   764281   295600   505908   172269    174680    279918   246502   509872   221737   340664
             512      16   145702   266973   196767  1193175   267639   194310   136601    368869    949875   194539   245460   248528   616065
             512      32   250616  1011625   466357   558396   193872   543555   301536   1026126    220961   174993   257931   163782   368362
             512      64   288144   718028   464943   842214   462540   416275   362885    314658   1684557   313876   598050   321392  1458090
             512     128   244984  1140576   372387   585814   279955   768658  1357615    288453   1640796  1118011  1182661  1476130   319005
             512     256   193802  1110496  1689859  1514652   354031   732478  1467055   1021732    324893   185498   483035   303153   488530
             512     512   206037   308068   556515   568899   253605   726285   265291    258179    412596   336395   348741  1388334  1437592
            1024       4   271338   189107   291642   637537   152656   129832   326941    322522    367285   123867   141338   465891   577839
            1024       8   230320   230369   686337   908448   440427   498498   209023    353471    493515   350815   190973   749714   814705
            1024      16   154401   673740   427751   793775   643652   626288   859026    266324    268338   585799   717645   519543   958098
            1024      32   155649   334087   433887   494196   303321   310963   260683    443658    986485   438539   819211   268976   361992
            1024      64   524556   925877   272994   409910   215299   563880   585400    500240    672369   524620   837420   515862   503938
            1024     128   363124  1054547  1094034  1324460   759659   313918   336627    690530    653942   555637   948157   669331  1656494
            1024     256   200429   282400   530583   503701  1615374   807050   398131    334634    690975   531370  1064479   498093   654241
            1024     512   552918  1028043  1251882  1336827   607422   404087   256189    815788    661496   503879  1196101   570471  1213334
            1024    1024   569865  1016847   523533   856970   508713   753396   552350    369275    542992   394910   831261   355167   543473
            2048       4   201969   308293   243666   536106   475401   274090   393315    143156    292484   183151   147677   188388   269295
            2048       8   143326   417518   244533   397814   243514   205831   227959    404426    546996   413319   300380   429887   547310
            2048      16   228396   461060   382389   932694   569216   459605   867424    529726    300160   505444   425859   464601   696341
            2048      32   173209   342081   821232   475849   361958   350741   411655    652046    516507   234859   266496   685614  1149954
            2048      64   278371  1032220   536542   695158   406589   818182   786782    634092    739376   422259   307510   670365   747743
            2048     128   380324   390153   496103   530839   433532   517191   587997    781698   1008349   690464   655179   747483  1324624
            2048     256   188927   468632   806278  1501525   888876   987938   507415    705028   1051939   586511   871560   621926  1221235
            2048     512   561734   966485  1459680  1562429   514034   399609  1118509    332365    769858   662353  1040598   873688  1408461
            2048    1024   558193   437618   635453   673466   367094   417031   545260    995610    453994   282092   690242   512012   588682
            2048    2048   583166   960648  1113723  1243511  1077269   938605   828759   1031724    582139   711157   418127   420193  1184523
            4096       4   194472   176826   215025   397628   212063   262730   191134    170312    206700   232632   228851   309275   373379
            4096       8   267904   451997   458670   558880   564647   540522   678595    356667    646155   436526   542656   664731   603229
            4096      16   437839   649748   812717  1093089   356511   524451   697778    412979    767067   518218   293643   686321   385901
            4096      32   416382   844518   890619   799405   488719   852607   786811    815146    678381   612171   701969   568177   463558
            4096      64   377406   993699   558498   530017   724466   892377   510018    402359    426354   695772   834914   719340  1345983
            4096     128   662987  1032518   462311   524787   769748  1058668   699939    955243   1176316   323740   592168   556598   528712
            4096     256   210440   397601  1280378   835767   688880   727935  1242324    540505    598647   701740   492954   463196   935834
            4096     512   659374   452747   735508   680746   514956   518546   860507    685062    482447   385910   674890   995599  1408093
            4096    1024   507052   918571  1385606  1492628   545119   397472   945725    656828    599797   562484   856347  1068612  1485658
            4096    2048   656200   882158  1187208  1175994   465505   529755   465720   1011067    506246   330796   614448   452938   518218
            4096    4096   693301   570460  1266596  1277617  1181412   998550   671355    590966    939262  1047565   451450  1022257  1102913
            8192       4   168795   419928   307472   329644   309868   382787   393714    350760    475397   206613   416089   485370   457911
            8192       8   229775   469646   712830   794099   325957   513891   659055    448239    446939   456608   298303   682773   559142
            8192      16   386543   578244   342775   343611   637805   617327   399727    307784    780569   608710   435215   432868   918296
            8192      32   506550   458577   812290  1058108   395937   416558   564571    942684    458779   374371   755860  1040800   512864
            8192      64   464397   930180  1204894  1306314  1015124   856108   509321    377596    624667   756342   553512   635340  1217575
            8192     128   243280   799606   713971  1493005   566256  1013507   928495    998283    889761   789120   811504   588081   616773
            8192     256   335309  1095626   631847  1009487  1206459   445623   977467   1114569   1352276   772687   883719   744526  1530923
            8192     512   652125   913584   620987  1585092  1142361   782721  1188597   1048646   1461817   353194   803683  1193966   629912
            8192    1024   321420   472592  1465996   704817   773261  1049158  1168269    742162    818697   435535   812694  1544201   984948
            8192    2048   279179   686442  1326231  1060721  1073077   612213  1191937    585476   1290079   530121   892071   596649   845054
            8192    4096   522718   986503  1123278  1367834   548362   978023   512389    498423    724891   367669   556894  1214004  1338110
            8192    8192   667687   857368  1352915  1457662   670763  1015124  1178002   1084457   1247095   985457  1115474  1281993  1351585
           16384       4   226896   195674   385007   383818   299453   385858   459309    378417    279309   298558   262517   413664   427299
           16384       8   342983   333332   674376   638053   295360   463663   358035    445118    686900   381537   312706   350685   812778
           16384      16   420082   820719   779151  1027476   590734   418544   467607    748025    886099   630715   440820   513461   680911
           16384      32   399736   931173   616153  1075072   715084   459152   816991    905289    671805   392364   741864   597608   786112
           16384      64   363838   979666  1064101   616197  1027922   893832  1131411    901406   1239801   682839   816584  1108829   640324
           16384     128   354156  1069733   563256   967582   742232   721890  1144222    753050   1217053   664182   462120   883706  1505197
           16384     256   401115   917522  1003617  1497097  1103753   585515   762154    767396   1388698   381404   718343  1036433  1198794
           16384     512   441937  1092210  1570701   792879  1171691   466129  1318718    484534    684178   504090   655177   821582  1477749
           16384    1024   302138   655571   975065  1387072  1252501  1011922   744355    786553   1044102   715143   599004   590628   832521
           16384    2048   304756  1036699  1232242  1262928   759744   914177   495194    401974    993216   662651   646669  1159356  1265370
           16384    4096   556537   821621  1268289  1292331   840638   670873  1343389    422125    816506   595650   968551  1314606  1142605
           16384    8192   644836  1069650  1323110   945314   821003   854498   957405    767508    672600   482679  1232618  1013803  1350809
           16384   16384   646261  1126884  1280985  1365654   818909   851164  1137140   1063492    815247   814358  1103523  1241683   886773
           32768      64   457876   546179   905044   951623   635965   841110   908682    658122    732820   713743   831065   654574   768786
           32768     128   546971   573178  1113192  1072570   894279   552234   960374    940391    935558   502592   683878   829445  1492574
           32768     256   475401   669745  1328248  1128724   990866  1120845   781419   1178238   1049851   816549   824870  1225887  1112516
           32768     512   464906   597324  1098423  1538969  1033043   704472  1298617    886172   1203379   569167   626848  1481377  1491408
           32768    1024   375766  1110852  1104532  1023877   891599  1091107  1456032    470135    989226   785254   713017  1275218   869383
           32768    2048   540271  1103778   819489   937031  1336762   510754  1166627    909085   1044362   828560   839189   963423  1302593
           32768    4096   420976   653936   705959  1400155   930699   931992  1260690    701173   1094714   831080   824934  1080632   947816
           32768    8192   414658   558770  1018301  1094016   777410  1123649   935692    999208   1366127   981455  1024892  1133444  1322573
           32768   16384   563526  1124504   798967  1443780  1265123   675545  1321289    795494   1217461   596464  1466393  1324383  1329752
           65536      64   383307  1017053  1124232  1165439   731379   826700   939073    915628   1051706   655478   792329  1006437  1149088
           65536     128   505803   642031   995383   920060   987998  1047837  1112002    756452   1388301   876630   564882  1251089   869971
           65536     256   512392   957023   922638  1628705   801615   664902  1089575    623546   1109932   655582   735979  1434930  1406623
           65536     512   508824  1073671  1142080  1439115   980314  1041212   934107    753522    915704   794406   473379  1173008   975512
           65536    1024   595879   840795  1341196  1104580  1078177   955502  1207348    801908    968207   760552   655740  1149612  1512971
           65536    2048   431254   939625   981195  1042421  1031383   741808   808717    919260   1141321   768554   798159  1216490  1351536
           65536    4096   528682   883485   927179  1123290  1074304   830389  1212594    742482   1138546   719020   653230  1309280  1064931
           65536    8192   363811   803875   844111  1465344  1174271  1131586  1151958    846500    781847   744321   713985  1274495  1432351
           65536   16384   592442   727579  1074821  1184263  1175195   812787  1181296    918001   1256562   646298   810457  1335747  1045831
          131072      64   463609   876683  1008734  1180838  1195998   933587  1258238    877133   1344866   713317   749188  1054513  1055619
          131072     128   582115  1115429  1221126  1349962  1192301   877716  1242813    953050   1221104   739642   739446  1110761  1603348
          131072     256   437228   756849  1124723  1422775  1466966  1069722  1172715    832092   1077540   775482   784457  1333252  1621694
          131072     512   557923   972315  1171770  1375724  1354022  1074678  1283810    916049   1404678   572174   633911  1207771  1594609
          131072    1024   607658   948697  1381463  1534709  1224319   916895  1078426    904168   1187190   537969   583083  1324975  1039034
          131072    2048   468411  1088873  1036888  1416579  1022777   955203  1193461    783146    886826   616699   720129  1048408  1096275
          131072    4096   524934   966444  1031129  1046584  1282627   934293  1125322   1113024   1259593   603159   608417  1030959  1045123
          131072    8192   591474   733268  1319204  1177636  1204683   736251   939403    823503   1130127   613521   751227  1020436  1428468
          131072   16384   583143   970193  1069449  1357217  1113364   838651  1195496    861766   1127725   795987   691286  1255299  1122606
          262144      64   489748   959475  1285152  1419565  1239580   914640  1200523   1018858   1092394   711267   775729  1046938  1209558
          262144     128   512730   814299  1282636  1209228  1151825   989711  1243283   1034997   1291788   775707   886897  1305069  1315402
          262144     256   532346   948676  1570419  1236085  1313668   978496  1485050    777932   1449688   728380   720193  1211487  1287418
          262144     512   512776  1004560  1297345  1512285  1248613   777762  1021853    919400   1282498   669136   774906  1094912  1179469
          262144    1024   514137   899706  1254788  1155766  1233392   931630  1300260    804925   1167263   710086   657851   999996   967210
          262144    2048   561336   973861  1265785  1130627  1093615   899882  1142035    860981   1205652   658158   693741  1180557  1049411
          262144    4096   559400  1026758  1163326  1201966  1090086   950809  1075912   1024020   1222481   717051   637147  1294071  1156275
          262144    8192   563924   927926  1132626  1159975  1039676   880357  1025145    872568    998537   776405   707527  1280050  1119469
          262144   16384   606525   779248  1224062  1095579  1256948   820230  1180317    917588   1032297   674688   658354  1065079  1283800
          524288      64   373993   827349  1215208  1288265  1067196   801634  1262964    850785   1205024   793488   747170  1322479  1114034
          524288     128   516975   848051  1365240  1146799  1149603   831279  1422905    945572   1285823   751790   741021  1170144  1320455
          524288     256   554938   982963  1515502  1390626  1431120   962026  1252377   1130796   1395024   790435   719676  1320867  1236679
          524288     512   553688  1026903  1401116  1516772  1428356   954608  1263006    883279   1314762   716644   662471  1561393  1374719
          524288    1024   592768   839326  1315287  1280769  1280371   860348  1065078    838929   1153601   656959   621723  1412980  1186979
          524288    2048   576744   939567  1187120   977006  1077044   915228  1247416    921164   1267124   628279   647112  1077943  1166629
          524288    4096   561833   862525  1152679  1072611  1149560   818431  1279078    889318   1019299   772185   640054  1154094  1253887
          524288    8192   511435   940821  1147858  1216383  1157537   946013  1282156    916811   1113683   634296   616625  1120946  1184077
          524288   16384   505709   891907  1220642  1127062  1160270   959543  1093909    972670   1067163   591356   749890  1212403  1174335

iozone test complete.
Excel output is below:

"Writer report"
        "4"  "8"  "16"  "32"  "64"  "128"  "256"  "512"  "1024"  "2048"  "4096"  "8192"  "16384"
"64"   87557  196396  313664  402569  104052 
"128"   163639  64420  162845  60871  565838  238312 
"256"   128256  82603  129885  124034  68448  643419  141359 
"512"   107969  140314  145702  250616  288144  244984  193802  206037 
"1024"   271338  230320  154401  155649  524556  363124  200429  552918  569865 
"2048"   201969  143326  228396  173209  278371  380324  188927  561734  558193  583166 
"4096"   194472  267904  437839  416382  377406  662987  210440  659374  507052  656200  693301 
"8192"   168795  229775  386543  506550  464397  243280  335309  652125  321420  279179  522718  667687 
"16384"   226896  342983  420082  399736  363838  354156  401115  441937  302138  304756  556537  644836  646261 
"32768"   0  0  0  0  457876  546971  475401  464906  375766  540271  420976  414658  563526 
"65536"   0  0  0  0  383307  505803  512392  508824  595879  431254  528682  363811  592442 
"131072"   0  0  0  0  463609  582115  437228  557923  607658  468411  524934  591474  583143 
"262144"   0  0  0  0  489748  512730  532346  512776  514137  561336  559400  563924  606525 
"524288"   0  0  0  0  373993  516975  554938  553688  592768  576744  561833  511435  505709 

"Re-writer report"
        "4"  "8"  "16"  "32"  "64"  "128"  "256"  "512"  "1024"  "2048"  "4096"  "8192"  "16384"
"64"   171217  166233  821391  69945  955947 
"128"   537512  279502  821147  836500  93779  473930 
"256"   409699  174031  217673  276751  291555  387939  262028 
"512"   433501  221166  266973  1011625  718028  1140576  1110496  308068 
"1024"   189107  230369  673740  334087  925877  1054547  282400  1028043  1016847 
"2048"   308293  417518  461060  342081  1032220  390153  468632  966485  437618  960648 
"4096"   176826  451997  649748  844518  993699  1032518  397601  452747  918571  882158  570460 
"8192"   419928  469646  578244  458577  930180  799606  1095626  913584  472592  686442  986503  857368 
"16384"   195674  333332  820719  931173  979666  1069733  917522  1092210  655571  1036699  821621  1069650  1126884 
"32768"   0  0  0  0  546179  573178  669745  597324  1110852  1103778  653936  558770  1124504 
"65536"   0  0  0  0  1017053  642031  957023  1073671  840795  939625  883485  803875  727579 
"131072"   0  0  0  0  876683  1115429  756849  972315  948697  1088873  966444  733268  970193 
"262144"   0  0  0  0  959475  814299  948676  1004560  899706  973861  1026758  927926  779248 
"524288"   0  0  0  0  827349  848051  982963  1026903  839326  939567  862525  940821  891907 

"Reader report"
        "4"  "8"  "16"  "32"  "64"  "128"  "256"  "512"  "1024"  "2048"  "4096"  "8192"  "16384"
"64"   84658  743988  46076  524487  1249666 
"128"   735635  423798  1015251  186880  1504659  650117 
"256"   231469  96060  1084800  175942  329085  148577  719277 
"512"   338356  642419  196767  466357  464943  372387  1689859  556515 
"1024"   291642  686337  427751  433887  272994  1094034  530583  1251882  523533 
"2048"   243666  244533  382389  821232  536542  496103  806278  1459680  635453  1113723 
"4096"   215025  458670  812717  890619  558498  462311  1280378  735508  1385606  1187208  1266596 
"8192"   307472  712830  342775  812290  1204894  713971  631847  620987  1465996  1326231  1123278  1352915 
"16384"   385007  674376  779151  616153  1064101  563256  1003617  1570701  975065  1232242  1268289  1323110  1280985 
"32768"   0  0  0  0  905044  1113192  1328248  1098423  1104532  819489  705959  1018301  798967 
"65536"   0  0  0  0  1124232  995383  922638  1142080  1341196  981195  927179  844111  1074821 
"131072"   0  0  0  0  1008734  1221126  1124723  1171770  1381463  1036888  1031129  1319204  1069449 
"262144"   0  0  0  0  1285152  1282636  1570419  1297345  1254788  1265785  1163326  1132626  1224062 
"524288"   0  0  0  0  1215208  1365240  1515502  1401116  1315287  1187120  1152679  1147858  1220642 

"Re-Reader report"
        "4"  "8"  "16"  "32"  "64"  "128"  "256"  "512"  "1024"  "2048"  "4096"  "8192"  "16384"
"64"   752329  1013707  532815  659861  1232453 
"128"   330828  118284  1196221  213739  1684006  659704 
"256"   428159  274067  1293967  1347557  413644  462061  1543163 
"512"   407043  764281  1193175  558396  842214  585814  1514652  568899 
"1024"   637537  908448  793775  494196  409910  1324460  503701  1336827  856970 
"2048"   536106  397814  932694  475849  695158  530839  1501525  1562429  673466  1243511 
"4096"   397628  558880  1093089  799405  530017  524787  835767  680746  1492628  1175994  1277617 
"8192"   329644  794099  343611  1058108  1306314  1493005  1009487  1585092  704817  1060721  1367834  1457662 
"16384"   383818  638053  1027476  1075072  616197  967582  1497097  792879  1387072  1262928  1292331  945314  1365654 
"32768"   0  0  0  0  951623  1072570  1128724  1538969  1023877  937031  1400155  1094016  1443780 
"65536"   0  0  0  0  1165439  920060  1628705  1439115  1104580  1042421  1123290  1465344  1184263 
"131072"   0  0  0  0  1180838  1349962  1422775  1375724  1534709  1416579  1046584  1177636  1357217 
"262144"   0  0  0  0  1419565  1209228  1236085  1512285  1155766  1130627  1201966  1159975  1095579 
"524288"   0  0  0  0  1288265  1146799  1390626  1516772  1280769  977006  1072611  1216383  1127062 

"Random read report"
        "4"  "8"  "16"  "32"  "64"  "128"  "256"  "512"  "1024"  "2048"  "4096"  "8192"  "16384"
"64"   66944  43834  39217  438043  1033216 
"128"   617941  805138  1057236  86483  154237  94672 
"256"   203830  129167  153769  1286217  160504  1415041  1455317 
"512"   167369  295600  267639  193872  462540  279955  354031  253605 
"1024"   152656  440427  643652  303321  215299  759659  1615374  607422  508713 
"2048"   475401  243514  569216  361958  406589  433532  888876  514034  367094  1077269 
"4096"   212063  564647  356511  488719  724466  769748  688880  514956  545119  465505  1181412 
"8192"   309868  325957  637805  395937  1015124  566256  1206459  1142361  773261  1073077  548362  670763 
"16384"   299453  295360  590734  715084  1027922  742232  1103753  1171691  1252501  759744  840638  821003  818909 
"32768"   0  0  0  0  635965  894279  990866  1033043  891599  1336762  930699  777410  1265123 
"65536"   0  0  0  0  731379  987998  801615  980314  1078177  1031383  1074304  1174271  1175195 
"131072"   0  0  0  0  1195998  1192301  1466966  1354022  1224319  1022777  1282627  1204683  1113364 
"262144"   0  0  0  0  1239580  1151825  1313668  1248613  1233392  1093615  1090086  1039676  1256948 
"524288"   0  0  0  0  1067196  1149603  1431120  1428356  1280371  1077044  1149560  1157537  1160270 

"Random write report"
        "4"  "8"  "16"  "32"  "64"  "128"  "256"  "512"  "1024"  "2048"  "4096"  "8192"  "16384"
"64"   115515  243411  576282  290890  842003 
"128"   122831  600657  91354  748976  800337  836500 
"256"   290608  157444  219363  775933  265265  266980  261009 
"512"   125124  505908  194310  543555  416275  768658  732478  726285 
"1024"   129832  498498  626288  310963  563880  313918  807050  404087  753396 
"2048"   274090  205831  459605  350741  818182  517191  987938  399609  417031  938605 
"4096"   262730  540522  524451  852607  892377  1058668  727935  518546  397472  529755  998550 
"8192"   382787  513891  617327  416558  856108  1013507  445623  782721  1049158  612213  978023  1015124 
"16384"   385858  463663  418544  459152  893832  721890  585515  466129  1011922  914177  670873  854498  851164 
"32768"   0  0  0  0  841110  552234  1120845  704472  1091107  510754  931992  1123649  675545 
"65536"   0  0  0  0  826700  1047837  664902  1041212  955502  741808  830389  1131586  812787 
"131072"   0  0  0  0  933587  877716  1069722  1074678  916895  955203  934293  736251  838651 
"262144"   0  0  0  0  914640  989711  978496  777762  931630  899882  950809  880357  820230 
"524288"   0  0  0  0  801634  831279  962026  954608  860348  915228  818431  946013  959543 

"Backward read report"
        "4"  "8"  "16"  "32"  "64"  "128"  "256"  "512"  "1024"  "2048"  "4096"  "8192"  "16384"
"64"   21774  218452  73547  673098  863676 
"128"   125972  662962  731625  969421  1032829  1085013 
"256"   145123  107161  122380  1080434  152567  264415  187395 
"512"   233274  172269  136601  301536  362885  1357615  1467055  265291 
"1024"   326941  209023  859026  260683  585400  336627  398131  256189  552350 
"2048"   393315  227959  867424  411655  786782  587997  507415  1118509  545260  828759 
"4096"   191134  678595  697778  786811  510018  699939  1242324  860507  945725  465720  671355 
"8192"   393714  659055  399727  564571  509321  928495  977467  1188597  1168269  1191937  512389  1178002 
"16384"   459309  358035  467607  816991  1131411  1144222  762154  1318718  744355  495194  1343389  957405  1137140 
"32768"   0  0  0  0  908682  960374  781419  1298617  1456032  1166627  1260690  935692  1321289 
"65536"   0  0  0  0  939073  1112002  1089575  934107  1207348  808717  1212594  1151958  1181296 
"131072"   0  0  0  0  1258238  1242813  1172715  1283810  1078426  1193461  1125322  939403  1195496 
"262144"   0  0  0  0  1200523  1243283  1485050  1021853  1300260  1142035  1075912  1025145  1180317 
"524288"   0  0  0  0  1262964  1422905  1252377  1263006  1065078  1247416  1279078  1282156  1093909 

"Record rewrite report"
        "4"  "8"  "16"  "32"  "64"  "128"  "256"  "512"  "1024"  "2048"  "4096"  "8192"  "16384"
"64"   57189  484710  621657  752329  63492 
"128"   511887  618653  488594  278777  86316  630273 
"256"   85361  142051  147637  133953  150683  1112909  235273 
"512"   311644  174680  368869  1026126  314658  288453  1021732  258179 
"1024"   322522  353471  266324  443658  500240  690530  334634  815788  369275 
"2048"   143156  404426  529726  652046  634092  781698  705028  332365  995610  1031724 
"4096"   170312  356667  412979  815146  402359  955243  540505  685062  656828  1011067  590966 
"8192"   350760  448239  307784  942684  377596  998283  1114569  1048646  742162  585476  498423  1084457 
"16384"   378417  445118  748025  905289  901406  753050  767396  484534  786553  401974  422125  767508  1063492 
"32768"   0  0  0  0  658122  940391  1178238  886172  470135  909085  701173  999208  795494 
"65536"   0  0  0  0  915628  756452  623546  753522  801908  919260  742482  846500  918001 
"131072"   0  0  0  0  877133  953050  832092  916049  904168  783146  1113024  823503  861766 
"262144"   0  0  0  0  1018858  1034997  777932  919400  804925  860981  1024020  872568  917588 
"524288"   0  0  0  0  850785  945572  1130796  883279  838929  921164  889318  916811  972670 

"Stride read report"
        "4"  "8"  "16"  "32"  "64"  "128"  "256"  "512"  "1024"  "2048"  "4096"  "8192"  "16384"
"64"   21382  809014  969761  1143223  109217 
"128"   79953  895074  1067750  1111981  579270  508012 
"256"   89509  847597  150135  210174  691930  609455  1280084 
"512"   257652  279918  949875  220961  1684557  1640796  324893  412596 
"1024"   367285  493515  268338  986485  672369  653942  690975  661496  542992 
"2048"   292484  546996  300160  516507  739376  1008349  1051939  769858  453994  582139 
"4096"   206700  646155  767067  678381  426354  1176316  598647  482447  599797  506246  939262 
"8192"   475397  446939  780569  458779  624667  889761  1352276  1461817  818697  1290079  724891  1247095 
"16384"   279309  686900  886099  671805  1239801  1217053  1388698  684178  1044102  993216  816506  672600  815247 
"32768"   0  0  0  0  732820  935558  1049851  1203379  989226  1044362  1094714  1366127  1217461 
"65536"   0  0  0  0  1051706  1388301  1109932  915704  968207  1141321  1138546  781847  1256562 
"131072"   0  0  0  0  1344866  1221104  1077540  1404678  1187190  886826  1259593  1130127  1127725 
"262144"   0  0  0  0  1092394  1291788  1449688  1282498  1167263  1205652  1222481  998537  1032297 
"524288"   0  0  0  0  1205024  1285823  1395024  1314762  1153601  1267124  1019299  1113683  1067163 

"Fwrite report"
        "4"  "8"  "16"  "32"  "64"  "128"  "256"  "512"  "1024"  "2048"  "4096"  "8192"  "16384"
"64"   105070  537079  503814  53560  703068 
"128"   138375  238312  799146  927549  180048  449337 
"256"   84574  162964  110299  852984  139143  825443  1099237 
"512"   246871  246502  194539  174993  313876  1118011  185498  336395 
"1024"   123867  350815  585799  438539  524620  555637  531370  503879  394910 
"2048"   183151  413319  505444  234859  422259  690464  586511  662353  282092  711157 
"4096"   232632  436526  518218  612171  695772  323740  701740  385910  562484  330796  1047565 
"8192"   206613  456608  608710  374371  756342  789120  772687  353194  435535  530121  367669  985457 
"16384"   298558  381537  630715  392364  682839  664182  381404  504090  715143  662651  595650  482679  814358 
"32768"   0  0  0  0  713743  502592  816549  569167  785254  828560  831080  981455  596464 
"65536"   0  0  0  0  655478  876630  655582  794406  760552  768554  719020  744321  646298 
"131072"   0  0  0  0  713317  739642  775482  572174  537969  616699  603159  613521  795987 
"262144"   0  0  0  0  711267  775707  728380  669136  710086  658158  717051  776405  674688 
"524288"   0  0  0  0  793488  751790  790435  716644  656959  628279  772185  634296  591356 

"Re-Fwrite report"
        "4"  "8"  "16"  "32"  "64"  "128"  "256"  "512"  "1024"  "2048"  "4096"  "8192"  "16384"
"64"   388021  525513  197407  520419  79706 
"128"   205162  633995  895074  93355  1359835  183935 
"256"   134388  394496  227545  146790  324804  1391207  465466 
"512"   306005  509872  245460  257931  598050  1182661  483035  348741 
"1024"   141338  190973  717645  819211  837420  948157  1064479  1196101  831261 
"2048"   147677  300380  425859  266496  307510  655179  871560  1040598  690242  418127 
"4096"   228851  542656  293643  701969  834914  592168  492954  674890  856347  614448  451450 
"8192"   416089  298303  435215  755860  553512  811504  883719  803683  812694  892071  556894  1115474 
"16384"   262517  312706  440820  741864  816584  462120  718343  655177  599004  646669  968551  1232618  1103523 
"32768"   0  0  0  0  831065  683878  824870  626848  713017  839189  824934  1024892  1466393 
"65536"   0  0  0  0  792329  564882  735979  473379  655740  798159  653230  713985  810457 
"131072"   0  0  0  0  749188  739446  784457  633911  583083  720129  608417  751227  691286 
"262144"   0  0  0  0  775729  886897  720193  774906  657851  693741  637147  707527  658354 
"524288"   0  0  0  0  747170  741021  719676  662471  621723  647112  640054  616625  749890 

"Fread report"
        "4"  "8"  "16"  "32"  "64"  "128"  "256"  "512"  "1024"  "2048"  "4096"  "8192"  "16384"
"64"   30609  720041  799377  412466  73810 
"128"   615814  53650  847059  1123617  132895  848397 
"256"   276181  815414  199847  1108314  137627  1361224  1354356 
"512"   291904  221737  248528  163782  321392  1476130  303153  1388334 
"1024"   465891  749714  519543  268976  515862  669331  498093  570471  355167 
"2048"   188388  429887  464601  685614  670365  747483  621926  873688  512012  420193 
"4096"   309275  664731  686321  568177  719340  556598  463196  995599  1068612  452938  1022257 
"8192"   485370  682773  432868  1040800  635340  588081  744526  1193966  1544201  596649  1214004  1281993 
"16384"   413664  350685  513461  597608  1108829  883706  1036433  821582  590628  1159356  1314606  1013803  1241683 
"32768"   0  0  0  0  654574  829445  1225887  1481377  1275218  963423  1080632  1133444  1324383 
"65536"   0  0  0  0  1006437  1251089  1434930  1173008  1149612  1216490  1309280  1274495  1335747 
"131072"   0  0  0  0  1054513  1110761  1333252  1207771  1324975  1048408  1030959  1020436  1255299 
"262144"   0  0  0  0  1046938  1305069  1211487  1094912  999996  1180557  1294071  1280050  1065079 
"524288"   0  0  0  0  1322479  1170144  1320867  1561393  1412980  1077943  1154094  1120946  1212403 

"Re-Fread report"
        "4"  "8"  "16"  "32"  "64"  "128"  "256"  "512"  "1024"  "2048"  "4096"  "8192"  "16384"
"64"   100620  955947  1083249  582535  1002351 
"128"   67295  913347  1102844  1436229  1306873  1217930 
"256"   151384  178754  310976  1430119  316849  243821  257504 
"512"   205131  340664  616065  368362  1458090  319005  488530  1437592 
"1024"   577839  814705  958098  361992  503938  1656494  654241  1213334  543473 
"2048"   269295  547310  696341  1149954  747743  1324624  1221235  1408461  588682  1184523 
"4096"   373379  603229  385901  463558  1345983  528712  935834  1408093  1485658  518218  1102913 
"8192"   457911  559142  918296  512864  1217575  616773  1530923  629912  984948  845054  1338110  1351585 
"16384"   427299  812778  680911  786112  640324  1505197  1198794  1477749  832521  1265370  1142605  1350809  886773 
"32768"   0  0  0  0  768786  1492574  1112516  1491408  869383  1302593  947816  1322573  1329752 
"65536"   0  0  0  0  1149088  869971  1406623  975512  1512971  1351536  1064931  1432351  1045831 
"131072"   0  0  0  0  1055619  1603348  1621694  1594609  1039034  1096275  1045123  1428468  1122606 
"262144"   0  0  0  0  1209558  1315402  1287418  1179469  967210  1049411  1156275  1119469  1283800 
"524288"   0  0  0  0  1114034  1320455  1236679  1374719  1186979  1166629  1253887  1184077  1174335 
