	Iozone: Performance Test of File I/O
	        Version $Revision: 3.492 $
		Compiled for 64 bit mode.
		Build: linux 

	Contributors:William Norcott, Don Capps, Isom Crawford, Kirby Collins
	             Al Slater, Scott Rhine, Mike Wisner, Ken Goss
	             Steve Landherr, Brad Smith, Mark Kelly, Dr. Alain CYR,
	             Randy Dunlap, Mark Montague, Dan Million, Gavin Brebner,
	             Jean-Marc Zucconi, Jeff Blomberg, Benny Halevy, Dave Boone,
	             Erik Habbinga, Kris Strecker, Walter Wong, Joshua Root,
	             Fabrice Bacchella, Zhenghua Xue, Qin Li, Darren Sawyer,
	             Vangel Bojaxhi, Ben England, Vikentsi Lapa,
	             Alexey Skidanov, Sudhir Kumar.

	Run began: Mon Nov 22 17:24:33 2021

	Excel chart generation enabled
	Auto Mode
	Command line used: iozone -Ra
	Output is in kBytes/sec
	Time Resolution = 0.000001 seconds.
	Processor cache size set to 1024 kBytes.
	Processor cache line size set to 32 bytes.
	File stride size set to 17 * record size.
                                                              random    random     bkwd    record    stride                                    
              kB  reclen    write  rewrite    read    reread    read     write     read   rewrite      read   fwrite frewrite    fread  freread
              64       4    10957    76112    35892   780776    41911   250919    36677     57705    112090    38904   180302    38185   735831
              64       8    56443   592827   365314   418250   608965    99538   481234    752329    752329   524487    63492   703068  1033216
              64      16    43213   799377  1226821  1392258    24094   659861    69799    710511   1168097   297664   771797   913649  1279447
              64      32    73387   203853  1357066  1562436  1105556   852702   874936    780776   1255511    34226   983980   983980  1421755
              64      64   421534  1119387  1255511  1690338  1330167   811459   955947    863676   1363961   983980  1143223   185025  1188789
             128       4   223714   662962   848397    84151   624409    88391   533241    574312     85792    72356   475609    95736   329812
             128       8    86720   780556  1085013  1172704   627328   606767   743788    241963   1032829   111296   663782   895074   152053
             128      16   490380   103307  1243315  1406136  1183041   121689   864797   1022989   1487977   699227   353482  1093856  1319723
             128      32   120406   876086  1436229  1543594   101992   836500  1015251    766076     88756   889145  1133103   155128   287742
             128      64   518312   288825   727658  1487977  1455701  1024942   126715    992724   1455701   789741  1102844  1254941  1637771
             128     128   191342  1111981  1196221  1827299  1155043  1067750   151838    992724   1455701  1102844    91634  1000121  1471662
             256       4   254996   454627   762164   176928   595594   464661   144712    215879    136681   285736   330300   709299   454820
             256       8   481324   552960  1044693   235945   145694   246848   105436    251945    182057   599585   379708   218071   917880
             256      16   389064  1012194   262284   677095  1185399   128456   507006    268381    245718   762164   223193  1007446  1319408
             256      32   605332   931416  1523457   274347   599251   952062   259057    100473   1376935   265330   557844  1327564  1506359
             256      64   153945  1230218  1117543  1084800  1534342  1103757   192192   1132871    262284  1058076  1168627  1455317   143245
             256     128   416856  1325925  1662639  1740810  1632308   228805  1260547    267779    306537   192330  1642294   625794  1718521
             256     256   355096  1158540  1622442  1775350  1347557   782721  1325925    166864   1463250   523570  1178892   243103  1561112
             512       4   227347   488975   730484   615359   264181   441704   220394    504956    286989   238349   407661   260686   598884
             512       8   409293   140195   256912   646480   310877   596721   334874    336817    370459   271599   429513   178766   571320
             512      16   237690   800163   441341  1350783   406966   922535   353856    674502    329681   308821   782951  1187895   239039
             512      32   496206  1110496   390536  1406520   320385   589837   395062    470546    279773   635951   935801  1193175   362089
             512      64   526240  1191189  1614885   388206  1163439   678122   331821    363684   1589779   294587   288144  1368865   934580
             512     128   407352   805264  1753325  1754758   516618   869143   540681   1216149    155526  1204552  1122687  1015932  1741948
             512     256   551654  1199171  1662389  1073309  1655979   265981  1351633    493696    354089   408592  1560891  1230786  1518938
             512     512   498973   928920   387017  1096322  1700565   656561   304055   1207940    409215  1195832  1118011   980673  1729323
            1024       4   224364   458971   436311   657647   409285   248784   348199    374262    432445   377585   372477   445221   560129
            1024       8   283743   683606   525647   878171   475169   535278   413064    501466    649001   349730   502229   447914   869284
            1024      16   482103   756182   679496  1114474   709582   641249   552066    499019    541486   589821   667977   527844   700898
            1024      32   347945   935151   547631  1272279   570168   878890   564176    270535    592915   474487   706199   573671  1164956
            1024      64   227393   871401   667458  1367037   596788   908640   730958    438315   1727102   361961   852039   522705  1187831
            1024     128   326122  1067654   696126  1495042   511256  1029275   455322    595051   1874871   925877   932511   942745  1345623
            1024     256   152906   609924   645975  1434138   572677   819993  1166221    549101    625559   564770   760735   569563  1418508
            1024     512   567006  1141426  1673273  1460969   848337   368356  1551758    542375    705735   529471  1268896   922497  1551198
            1024    1024   538094  1024854  1718120  1268896   421579   615783   654241    598117    657244   584205  1039740  1208894  1383774
            2048       4   194492   524742   515608   560451   430534   425965   446675    549059    473749   352685   344606   504050   595002
            2048       8   337286   648306   653684   966594   543398   547450   519537    648943    745537   478393   463448   608964   864108
            2048      16   431811   859010   414656  1226291   645432   864891   793541    763359    849747   668643   720341  1063399  1144133
            2048      32   438713   659961   869267  1385740  1064453   841424   906990    772281    880494   429243   732504   958397  1136564
            2048      64   384306   951286   939015  1415424   860472  1145965   670836    753449    944176   618167   844900   779358  1168888
            2048     128   495988  1138372   897795  1559876   845648  1076728   535304    825494    869707   638998   903841   614453  1622638
            2048     256   528000  1025075   794128  1013824   981840  1190598   894709    848740    897420   706246   878603  1403628  1431225
            2048     512   440513  1105268  1549185  1625402   966920   824148  1385740    729642   1238312   696398   700201   867074  1490582
            2048    1024   473514  1153041  1608660  1598780   780491  1103423   948555    445794    968774   823121  1369829  1100454  1387530
            2048    2048   404578   981728  1137166  1329957   745796   870324  1134013    919613    820213   730138   973385   841753  1276781
            4096       4   264819   505114   484338   701253   450161   446778   503929    488497    532910   302959   394035   524051   607453
            4096       8   366763   706327   800784   875773   755597   602531   589445    646472    619210   517765   497450   686925   915683
            4096      16   390799   860292   956306  1157688   622215   798885   846265    657783    829993   527640   701740   766041  1031712
            4096      32   529477   921281  1186880  1304489  1013393   856731   912279    796884   1005681   633270   705718  1014830  1358113
            4096      64   487264  1079625  1059713  1498226   965551   867985  1035380    982503   1085903   722790   826638  1064440  1168237
            4096     128   525735  1100159   759337  1390766  1049998  1083301  1009108   1118859   1063650   707665   815301  1392683  1589432
            4096     256   495342  1202919  1608932  1624143  1350851  1149631  1524415    885843   1109108   788725   836744  1034570  1531755
            4096     512   664089  1138734   814296  1496529  1102276  1161680  1159955    665478   1210122   748943   917982  1470274  1558574
            4096    1024   646861  1099243   994619  1344298  1208674  1064440   974312   1178656   1063320   805024   907604  1168316  1446384
            4096    2048   501224  1107677  1191738  1415401  1343352   861975  1236423   1170625   1032766   970844  1401773  1205113  1274867
            4096    4096   517313  1017897  1388967  1269310  1422197  1005387  1206806   1108821   1279615  1084121  1077053  1293294  1346088
            8192       4   323550   507276   646871   659637   547331   444804   517498    526305    501135   391533   416917   500427   622630
            8192       8   384075   686716   883810   904875   742707   603418   716397    762468    729292   536688   450213   751692   874832
            8192      16   452674   914581  1182950  1094893   913366   744800   846636    961843    996720   661186   655459  1048358  1049863
            8192      32   483791   808296  1225959  1371273   864944   944005  1081896    981067   1310699   743302   736625  1176509  1413120
            8192      64   581109  1146669  1316222  1526637  1251273   978943  1323880   1186217   1313254   747246   849252  1219952  1580862
            8192     128   677135  1022343  1437717  1596582  1272073  1175664  1389911   1201313   1324901   726378   843394  1593472  1444548
            8192     256   588202   929123  1730463  1629983  1234105  1152322  1058955   1241956   1239179   821830   861215  1362140  1589197
            8192     512   590619   895115  1404628  1570816  1028125  1162459  1208454   1229645   1430415   784669   928997  1055118  1522106
            8192    1024   578565  1082612  1592807  1625664  1333799  1158031  1130410   1015634   1272639   824393   855298  1374455  1672185
            8192    2048   684091   522917  1257041  1372643  1236548  1155772  1333540   1115474   1404915  1001834   950140  1383086  1226003
            8192    4096   661491   946267  1118961  1392728  1244430  1042758  1306314   1043708   1388956   958810  1411900  1358049  1365551
            8192    8192   482020   987467  1413352  1490285  1319761  1124785  1349144   1089374   1448872  1042220  1226879  1333333  1458714
           16384       4   325790   529920   676833   690288   547191   461936   564905    583165    562427   429145   449814   596368   650236
           16384       8   429532   667861   904539   969480   774698   636663   790889    793336    776967   551499   570291   841719   927691
           16384      16   522066   948040  1167035  1218974   913582   836605   799455   1051274    959986   696981   745841  1059018  1141257
           16384      32   559619   951071  1323748  1406721  1163124   906436  1225780   1023360   1237167   753876   826891  1283209  1381107
           16384      64   580029  1156313  1605640  1529519  1396146  1103452  1336257   1126663   1471672   680567   900261  1444542  1555203
           16384     128   584325  1089370  1397367  1668442  1371158  1109724  1463274   1156741   1475654   879251   915261   905194  1565905
           16384     256   587809  1119359  1408768  1639855  1400100  1115851  1457285   1039066   1447615   890439   857580  1460351  1646614
           16384     512   654971   854711  1590993  1543605  1512418  1175399  1505032   1132437   1540560   827767   867146  1440122  1634162
           16384    1024   626586  1130165  1548893  1611362  1486475  1095396  1361595   1023360   1364407   773599   869912  1406951  1698504
           16384    2048   662274  1168205  1349827  1480327  1243278  1094663  1244403   1154855   1283401   835324   918908  1289978  1346389
           16384    4096   647333  1103151  1438825  1447981  1305714  1113500  1369110   1091100   1412910  1047236   762678  1379692  1402730
           16384    8192   668953  1106436  1444936  1506021  1460661  1142301  1003602   1128142   1033223   976339  1536083  1497064  1515487
           16384   16384   711604  1219688  1511853  1546558  1435669  1127976  1462091   1233282   1520550  1195125  1166876  1466772  1348159
           32768      64   585489   975036  1457251  1422648  1349745  1105571  1420560   1048105   1359545   912253   917025  1472189  1465674
           32768     128   614785  1160950  1517542  1599600  1572513  1031577  1527017   1251016   1516487   950234  1001378  1546172  1583985
           32768     256   639462  1142384  1426369  1630900  1560674  1096102  1545807   1121696   1583620   807448   906746  1530435  1646117
           32768     512   596878  1187553  1552249  1571596  1508713  1165044  1590676   1169993   1534519   896402   972662  1566795  1716939
           32768    1024   653295  1136480  1574621  1584752  1441554  1140233  1423090   1113724   1488226   867359   849900  1433809  1597592
           32768    2048   665774  1204128  1423385  1478636  1438777   985947  1322675   1142612   1342009   839235   895689  1371895  1503876
           32768    4096   656870  1232483  1515918  1473989  1371334  1074045  1309830   1103113   1431420   954080   946530  1443083  1498106
           32768    8192   697133  1224882  1542181  1527221  1473057  1184157  1509906   1191610   1444159  1076586  1107549  1502019  1518648
           32768   16384   694399  1240358  1556891  1564244  1496605  1171330  1505869   1152066   1477428  1010418  1612531  1440662  1500575
           65536      64   650920  1142597  1482854  1550085  1176251  1130162  1228714   1180768   1322413   911843   959585  1323795  1571118
           65536     128   628503  1262930  1485233  1562393  1323451  1154639  1339549   1217460   1368124   919958  1036618  1561870  1516368
           65536     256   594365  1261933  1343418  1617891  1430703  1054918  1273332   1152403   1613788   974582   865218  1437474  1741311
           65536     512   692974  1214710  1400339  1507925  1442226  1194431  1506016   1018780   1477664   916214   984083  1455938  1588368
           65536    1024   665076  1201506  1477164  1555638  1574664  1180362  1524873   1176080   1546101   860718   885623  1568635  1707201
           65536    2048   636383  1125949  1520587  1616854  1447961  1140270  1437346   1043996   1491827   834407   860516  1515950  1580931
           65536    4096   707296  1204929  1491075  1585025  1441613  1190634  1479271   1144896   1434361   879913   916358  1493968  1552650
           65536    8192   710525  1249997  1547153  1575955  1534338  1170411  1500811   1229109   1473380   965453   966495  1361672  1492370
           65536   16384   704983  1249593  1539925  1586104  1520024  1222142  1520587   1220546   1525338  1037322  1112439  1552545  1554319
          131072      64   655618  1193821  1558764  1682827  1364236  1173280  1449140   1258046   1456403   906513   961601  1364023  1631933
          131072     128   721586  1251738  1599886  1794079  1462319  1194288  1557674   1260295   1577564   982187   990597  1600878  1709648
          131072     256   722753  1225260  1703143  1773326  1583435  1209911  1626223   1170475   1576804   910887   995624  1446935  1760960
          131072     512   710075  1201161  1525460  1757420  1381085  1223346  1692869   1247472   1450233   918585   969166  1585485  1634743
          131072    1024   724162  1165777  1584430  1617614  1474007  1185872  1510779   1086066   1390361   833944   857570  1488542  1690418
          131072    2048   708294  1171877  1548691  1581849  1451999  1217858  1472073   1253691   1504845   880813   894066  1454512  1527575
          131072    4096   735380  1064925  1576750  1518831  1579087  1215970  1517543   1184265   1511718   877615   857380  1542002  1533703
          131072    8192   688233  1195628  1539829  1575214  1507337  1172672  1508723   1168823   1503824   876805   880008  1567306  1523439
          131072   16384   720555  1250482  1585481  1515477  1547810  1242847  1563228   1213102   1535014   966116  1004390  1601680  1606374
          262144      64   676177  1060576  1517036  1703394  1494243  1148822  1482211   1306089   1539262   937025   985344  1520380  1639535
          262144     128   694509  1241077  1589009  1777454  1630138  1203512  1627464   1316017   1530518   994325  1028342  1635445  1719293
          262144     256   699959  1289247  1632958  1814244  1682350  1209218  1606334   1213803   1059373  1003817   997530  1675962  1713919
          262144     512   670969  1189892  1692846  1753506  1668072  1160802  1655826   1215115   1624027   896982   922619  1585284  1763544
          262144    1024   680916  1192018  1725923  1756490  1633448  1155007  1553160   1135777   1580151   849560   846013  1646158  1665475
          262144    2048   709440  1219268  1521641  1571775  1571353  1226352  1542659   1107106   1558886   879070   870982  1502781  1577215
          262144    4096   738063  1237631  1527781  1565879  1561132  1243271  1490782   1229015   1597192   850195   891995  1533258  1576379
          262144    8192   715843  1233949  1506420  1569930  1581305  1271395  1608343   1159190   1617662   892514   906395  1604112  1616884
          262144   16384   706970  1282561  1580371  1617295  1456039  1257641  1596997   1236755   1428429   906426   931603  1609626  1615888
          524288      64   700642  1218557  1630827  1706089  1528113  1155494  1507944   1252007   1543725   967169   979093  1590670  1657827
          524288     128   736415  1288994  1704935  1783711  1653623  1232470  1630330   1381519   1674784  1008127  1029260  1663787  1743303
          524288     256   736838  1290863  1747446  1812301  1715843  1219818  1704886   1264368   1685612   991039  1010441  1731483  1753688
          524288     512   706558  1205625  1677098  1784659  1656004  1205606  1633179   1250263   1661351   916415   930877  1665257  1754903
          524288    1024   721091  1187041  1717343  1718690  1595841  1230454  1618602   1222330   1606702   868809   896264  1577303  1569156
          524288    2048   744530  1258894  1469846  1574986  1558789  1246689  1561124   1245999   1480700   866501   865622  1552686  1573782
          524288    4096   742287  1256631  1546002  1555649  1570510  1257484  1557405   1251833   1560528   876542   894651  1596263  1615993
          524288    8192   734658  1262006  1550840  1539818  1578985  1258900  1549378   1250275   1582589   892119   901690  1611908  1589435
          524288   16384   678959  1200732  1548541  1532911  1558164  1169632  1575427   1180953   1563283   864087   871101  1600342  1604235

iozone test complete.
Excel output is below:

"Writer report"
        "4"  "8"  "16"  "32"  "64"  "128"  "256"  "512"  "1024"  "2048"  "4096"  "8192"  "16384"
"64"   10957  56443  43213  73387  421534 
"128"   223714  86720  490380  120406  518312  191342 
"256"   254996  481324  389064  605332  153945  416856  355096 
"512"   227347  409293  237690  496206  526240  407352  551654  498973 
"1024"   224364  283743  482103  347945  227393  326122  152906  567006  538094 
"2048"   194492  337286  431811  438713  384306  495988  528000  440513  473514  404578 
"4096"   264819  366763  390799  529477  487264  525735  495342  664089  646861  501224  517313 
"8192"   323550  384075  452674  483791  581109  677135  588202  590619  578565  684091  661491  482020 
"16384"   325790  429532  522066  559619  580029  584325  587809  654971  626586  662274  647333  668953  711604 
"32768"   0  0  0  0  585489  614785  639462  596878  653295  665774  656870  697133  694399 
"65536"   0  0  0  0  650920  628503  594365  692974  665076  636383  707296  710525  704983 
"131072"   0  0  0  0  655618  721586  722753  710075  724162  708294  735380  688233  720555 
"262144"   0  0  0  0  676177  694509  699959  670969  680916  709440  738063  715843  706970 
"524288"   0  0  0  0  700642  736415  736838  706558  721091  744530  742287  734658  678959 

"Re-writer report"
        "4"  "8"  "16"  "32"  "64"  "128"  "256"  "512"  "1024"  "2048"  "4096"  "8192"  "16384"
"64"   76112  592827  799377  203853  1119387 
"128"   662962  780556  103307  876086  288825  1111981 
"256"   454627  552960  1012194  931416  1230218  1325925  1158540 
"512"   488975  140195  800163  1110496  1191189  805264  1199171  928920 
"1024"   458971  683606  756182  935151  871401  1067654  609924  1141426  1024854 
"2048"   524742  648306  859010  659961  951286  1138372  1025075  1105268  1153041  981728 
"4096"   505114  706327  860292  921281  1079625  1100159  1202919  1138734  1099243  1107677  1017897 
"8192"   507276  686716  914581  808296  1146669  1022343  929123  895115  1082612  522917  946267  987467 
"16384"   529920  667861  948040  951071  1156313  1089370  1119359  854711  1130165  1168205  1103151  1106436  1219688 
"32768"   0  0  0  0  975036  1160950  1142384  1187553  1136480  1204128  1232483  1224882  1240358 
"65536"   0  0  0  0  1142597  1262930  1261933  1214710  1201506  1125949  1204929  1249997  1249593 
"131072"   0  0  0  0  1193821  1251738  1225260  1201161  1165777  1171877  1064925  1195628  1250482 
"262144"   0  0  0  0  1060576  1241077  1289247  1189892  1192018  1219268  1237631  1233949  1282561 
"524288"   0  0  0  0  1218557  1288994  1290863  1205625  1187041  1258894  1256631  1262006  1200732 

"Reader report"
        "4"  "8"  "16"  "32"  "64"  "128"  "256"  "512"  "1024"  "2048"  "4096"  "8192"  "16384"
"64"   35892  365314  1226821  1357066  1255511 
"128"   848397  1085013  1243315  1436229  727658  1196221 
"256"   762164  1044693  262284  1523457  1117543  1662639  1622442 
"512"   730484  256912  441341  390536  1614885  1753325  1662389  387017 
"1024"   436311  525647  679496  547631  667458  696126  645975  1673273  1718120 
"2048"   515608  653684  414656  869267  939015  897795  794128  1549185  1608660  1137166 
"4096"   484338  800784  956306  1186880  1059713  759337  1608932  814296  994619  1191738  1388967 
"8192"   646871  883810  1182950  1225959  1316222  1437717  1730463  1404628  1592807  1257041  1118961  1413352 
"16384"   676833  904539  1167035  1323748  1605640  1397367  1408768  1590993  1548893  1349827  1438825  1444936  1511853 
"32768"   0  0  0  0  1457251  1517542  1426369  1552249  1574621  1423385  1515918  1542181  1556891 
"65536"   0  0  0  0  1482854  1485233  1343418  1400339  1477164  1520587  1491075  1547153  1539925 
"131072"   0  0  0  0  1558764  1599886  1703143  1525460  1584430  1548691  1576750  1539829  1585481 
"262144"   0  0  0  0  1517036  1589009  1632958  1692846  1725923  1521641  1527781  1506420  1580371 
"524288"   0  0  0  0  1630827  1704935  1747446  1677098  1717343  1469846  1546002  1550840  1548541 

"Re-Reader report"
        "4"  "8"  "16"  "32"  "64"  "128"  "256"  "512"  "1024"  "2048"  "4096"  "8192"  "16384"
"64"   780776  418250  1392258  1562436  1690338 
"128"   84151  1172704  1406136  1543594  1487977  1827299 
"256"   176928  235945  677095  274347  1084800  1740810  1775350 
"512"   615359  646480  1350783  1406520  388206  1754758  1073309  1096322 
"1024"   657647  878171  1114474  1272279  1367037  1495042  1434138  1460969  1268896 
"2048"   560451  966594  1226291  1385740  1415424  1559876  1013824  1625402  1598780  1329957 
"4096"   701253  875773  1157688  1304489  1498226  1390766  1624143  1496529  1344298  1415401  1269310 
"8192"   659637  904875  1094893  1371273  1526637  1596582  1629983  1570816  1625664  1372643  1392728  1490285 
"16384"   690288  969480  1218974  1406721  1529519  1668442  1639855  1543605  1611362  1480327  1447981  1506021  1546558 
"32768"   0  0  0  0  1422648  1599600  1630900  1571596  1584752  1478636  1473989  1527221  1564244 
"65536"   0  0  0  0  1550085  1562393  1617891  1507925  1555638  1616854  1585025  1575955  1586104 
"131072"   0  0  0  0  1682827  1794079  1773326  1757420  1617614  1581849  1518831  1575214  1515477 
"262144"   0  0  0  0  1703394  1777454  1814244  1753506  1756490  1571775  1565879  1569930  1617295 
"524288"   0  0  0  0  1706089  1783711  1812301  1784659  1718690  1574986  1555649  1539818  1532911 

"Random read report"
        "4"  "8"  "16"  "32"  "64"  "128"  "256"  "512"  "1024"  "2048"  "4096"  "8192"  "16384"
"64"   41911  608965  24094  1105556  1330167 
"128"   624409  627328  1183041  101992  1455701  1155043 
"256"   595594  145694  1185399  599251  1534342  1632308  1347557 
"512"   264181  310877  406966  320385  1163439  516618  1655979  1700565 
"1024"   409285  475169  709582  570168  596788  511256  572677  848337  421579 
"2048"   430534  543398  645432  1064453  860472  845648  981840  966920  780491  745796 
"4096"   450161  755597  622215  1013393  965551  1049998  1350851  1102276  1208674  1343352  1422197 
"8192"   547331  742707  913366  864944  1251273  1272073  1234105  1028125  1333799  1236548  1244430  1319761 
"16384"   547191  774698  913582  1163124  1396146  1371158  1400100  1512418  1486475  1243278  1305714  1460661  1435669 
"32768"   0  0  0  0  1349745  1572513  1560674  1508713  1441554  1438777  1371334  1473057  1496605 
"65536"   0  0  0  0  1176251  1323451  1430703  1442226  1574664  1447961  1441613  1534338  1520024 
"131072"   0  0  0  0  1364236  1462319  1583435  1381085  1474007  1451999  1579087  1507337  1547810 
"262144"   0  0  0  0  1494243  1630138  1682350  1668072  1633448  1571353  1561132  1581305  1456039 
"524288"   0  0  0  0  1528113  1653623  1715843  1656004  1595841  1558789  1570510  1578985  1558164 

"Random write report"
        "4"  "8"  "16"  "32"  "64"  "128"  "256"  "512"  "1024"  "2048"  "4096"  "8192"  "16384"
"64"   250919  99538  659861  852702  811459 
"128"   88391  606767  121689  836500  1024942  1067750 
"256"   464661  246848  128456  952062  1103757  228805  782721 
"512"   441704  596721  922535  589837  678122  869143  265981  656561 
"1024"   248784  535278  641249  878890  908640  1029275  819993  368356  615783 
"2048"   425965  547450  864891  841424  1145965  1076728  1190598  824148  1103423  870324 
"4096"   446778  602531  798885  856731  867985  1083301  1149631  1161680  1064440  861975  1005387 
"8192"   444804  603418  744800  944005  978943  1175664  1152322  1162459  1158031  1155772  1042758  1124785 
"16384"   461936  636663  836605  906436  1103452  1109724  1115851  1175399  1095396  1094663  1113500  1142301  1127976 
"32768"   0  0  0  0  1105571  1031577  1096102  1165044  1140233  985947  1074045  1184157  1171330 
"65536"   0  0  0  0  1130162  1154639  1054918  1194431  1180362  1140270  1190634  1170411  1222142 
"131072"   0  0  0  0  1173280  1194288  1209911  1223346  1185872  1217858  1215970  1172672  1242847 
"262144"   0  0  0  0  1148822  1203512  1209218  1160802  1155007  1226352  1243271  1271395  1257641 
"524288"   0  0  0  0  1155494  1232470  1219818  1205606  1230454  1246689  1257484  1258900  1169632 

"Backward read report"
        "4"  "8"  "16"  "32"  "64"  "128"  "256"  "512"  "1024"  "2048"  "4096"  "8192"  "16384"
"64"   36677  481234  69799  874936  955947 
"128"   533241  743788  864797  1015251  126715  151838 
"256"   144712  105436  507006  259057  192192  1260547  1325925 
"512"   220394  334874  353856  395062  331821  540681  1351633  304055 
"1024"   348199  413064  552066  564176  730958  455322  1166221  1551758  654241 
"2048"   446675  519537  793541  906990  670836  535304  894709  1385740  948555  1134013 
"4096"   503929  589445  846265  912279  1035380  1009108  1524415  1159955  974312  1236423  1206806 
"8192"   517498  716397  846636  1081896  1323880  1389911  1058955  1208454  1130410  1333540  1306314  1349144 
"16384"   564905  790889  799455  1225780  1336257  1463274  1457285  1505032  1361595  1244403  1369110  1003602  1462091 
"32768"   0  0  0  0  1420560  1527017  1545807  1590676  1423090  1322675  1309830  1509906  1505869 
"65536"   0  0  0  0  1228714  1339549  1273332  1506016  1524873  1437346  1479271  1500811  1520587 
"131072"   0  0  0  0  1449140  1557674  1626223  1692869  1510779  1472073  1517543  1508723  1563228 
"262144"   0  0  0  0  1482211  1627464  1606334  1655826  1553160  1542659  1490782  1608343  1596997 
"524288"   0  0  0  0  1507944  1630330  1704886  1633179  1618602  1561124  1557405  1549378  1575427 

"Record rewrite report"
        "4"  "8"  "16"  "32"  "64"  "128"  "256"  "512"  "1024"  "2048"  "4096"  "8192"  "16384"
"64"   57705  752329  710511  780776  863676 
"128"   574312  241963  1022989  766076  992724  992724 
"256"   215879  251945  268381  100473  1132871  267779  166864 
"512"   504956  336817  674502  470546  363684  1216149  493696  1207940 
"1024"   374262  501466  499019  270535  438315  595051  549101  542375  598117 
"2048"   549059  648943  763359  772281  753449  825494  848740  729642  445794  919613 
"4096"   488497  646472  657783  796884  982503  1118859  885843  665478  1178656  1170625  1108821 
"8192"   526305  762468  961843  981067  1186217  1201313  1241956  1229645  1015634  1115474  1043708  1089374 
"16384"   583165  793336  1051274  1023360  1126663  1156741  1039066  1132437  1023360  1154855  1091100  1128142  1233282 
"32768"   0  0  0  0  1048105  1251016  1121696  1169993  1113724  1142612  1103113  1191610  1152066 
"65536"   0  0  0  0  1180768  1217460  1152403  1018780  1176080  1043996  1144896  1229109  1220546 
"131072"   0  0  0  0  1258046  1260295  1170475  1247472  1086066  1253691  1184265  1168823  1213102 
"262144"   0  0  0  0  1306089  1316017  1213803  1215115  1135777  1107106  1229015  1159190  1236755 
"524288"   0  0  0  0  1252007  1381519  1264368  1250263  1222330  1245999  1251833  1250275  1180953 

"Stride read report"
        "4"  "8"  "16"  "32"  "64"  "128"  "256"  "512"  "1024"  "2048"  "4096"  "8192"  "16384"
"64"   112090  752329  1168097  1255511  1363961 
"128"   85792  1032829  1487977  88756  1455701  1455701 
"256"   136681  182057  245718  1376935  262284  306537  1463250 
"512"   286989  370459  329681  279773  1589779  155526  354089  409215 
"1024"   432445  649001  541486  592915  1727102  1874871  625559  705735  657244 
"2048"   473749  745537  849747  880494  944176  869707  897420  1238312  968774  820213 
"4096"   532910  619210  829993  1005681  1085903  1063650  1109108  1210122  1063320  1032766  1279615 
"8192"   501135  729292  996720  1310699  1313254  1324901  1239179  1430415  1272639  1404915  1388956  1448872 
"16384"   562427  776967  959986  1237167  1471672  1475654  1447615  1540560  1364407  1283401  1412910  1033223  1520550 
"32768"   0  0  0  0  1359545  1516487  1583620  1534519  1488226  1342009  1431420  1444159  1477428 
"65536"   0  0  0  0  1322413  1368124  1613788  1477664  1546101  1491827  1434361  1473380  1525338 
"131072"   0  0  0  0  1456403  1577564  1576804  1450233  1390361  1504845  1511718  1503824  1535014 
"262144"   0  0  0  0  1539262  1530518  1059373  1624027  1580151  1558886  1597192  1617662  1428429 
"524288"   0  0  0  0  1543725  1674784  1685612  1661351  1606702  1480700  1560528  1582589  1563283 

"Fwrite report"
        "4"  "8"  "16"  "32"  "64"  "128"  "256"  "512"  "1024"  "2048"  "4096"  "8192"  "16384"
"64"   38904  524487  297664  34226  983980 
"128"   72356  111296  699227  889145  789741  1102844 
"256"   285736  599585  762164  265330  1058076  192330  523570 
"512"   238349  271599  308821  635951  294587  1204552  408592  1195832 
"1024"   377585  349730  589821  474487  361961  925877  564770  529471  584205 
"2048"   352685  478393  668643  429243  618167  638998  706246  696398  823121  730138 
"4096"   302959  517765  527640  633270  722790  707665  788725  748943  805024  970844  1084121 
"8192"   391533  536688  661186  743302  747246  726378  821830  784669  824393  1001834  958810  1042220 
"16384"   429145  551499  696981  753876  680567  879251  890439  827767  773599  835324  1047236  976339  1195125 
"32768"   0  0  0  0  912253  950234  807448  896402  867359  839235  954080  1076586  1010418 
"65536"   0  0  0  0  911843  919958  974582  916214  860718  834407  879913  965453  1037322 
"131072"   0  0  0  0  906513  982187  910887  918585  833944  880813  877615  876805  966116 
"262144"   0  0  0  0  937025  994325  1003817  896982  849560  879070  850195  892514  906426 
"524288"   0  0  0  0  967169  1008127  991039  916415  868809  866501  876542  892119  864087 

"Re-Fwrite report"
        "4"  "8"  "16"  "32"  "64"  "128"  "256"  "512"  "1024"  "2048"  "4096"  "8192"  "16384"
"64"   180302  63492  771797  983980  1143223 
"128"   475609  663782  353482  1133103  1102844  91634 
"256"   330300  379708  223193  557844  1168627  1642294  1178892 
"512"   407661  429513  782951  935801  288144  1122687  1560891  1118011 
"1024"   372477  502229  667977  706199  852039  932511  760735  1268896  1039740 
"2048"   344606  463448  720341  732504  844900  903841  878603  700201  1369829  973385 
"4096"   394035  497450  701740  705718  826638  815301  836744  917982  907604  1401773  1077053 
"8192"   416917  450213  655459  736625  849252  843394  861215  928997  855298  950140  1411900  1226879 
"16384"   449814  570291  745841  826891  900261  915261  857580  867146  869912  918908  762678  1536083  1166876 
"32768"   0  0  0  0  917025  1001378  906746  972662  849900  895689  946530  1107549  1612531 
"65536"   0  0  0  0  959585  1036618  865218  984083  885623  860516  916358  966495  1112439 
"131072"   0  0  0  0  961601  990597  995624  969166  857570  894066  857380  880008  1004390 
"262144"   0  0  0  0  985344  1028342  997530  922619  846013  870982  891995  906395  931603 
"524288"   0  0  0  0  979093  1029260  1010441  930877  896264  865622  894651  901690  871101 

"Fread report"
        "4"  "8"  "16"  "32"  "64"  "128"  "256"  "512"  "1024"  "2048"  "4096"  "8192"  "16384"
"64"   38185  703068  913649  983980  185025 
"128"   95736  895074  1093856  155128  1254941  1000121 
"256"   709299  218071  1007446  1327564  1455317  625794  243103 
"512"   260686  178766  1187895  1193175  1368865  1015932  1230786  980673 
"1024"   445221  447914  527844  573671  522705  942745  569563  922497  1208894 
"2048"   504050  608964  1063399  958397  779358  614453  1403628  867074  1100454  841753 
"4096"   524051  686925  766041  1014830  1064440  1392683  1034570  1470274  1168316  1205113  1293294 
"8192"   500427  751692  1048358  1176509  1219952  1593472  1362140  1055118  1374455  1383086  1358049  1333333 
"16384"   596368  841719  1059018  1283209  1444542  905194  1460351  1440122  1406951  1289978  1379692  1497064  1466772 
"32768"   0  0  0  0  1472189  1546172  1530435  1566795  1433809  1371895  1443083  1502019  1440662 
"65536"   0  0  0  0  1323795  1561870  1437474  1455938  1568635  1515950  1493968  1361672  1552545 
"131072"   0  0  0  0  1364023  1600878  1446935  1585485  1488542  1454512  1542002  1567306  1601680 
"262144"   0  0  0  0  1520380  1635445  1675962  1585284  1646158  1502781  1533258  1604112  1609626 
"524288"   0  0  0  0  1590670  1663787  1731483  1665257  1577303  1552686  1596263  1611908  1600342 

"Re-Fread report"
        "4"  "8"  "16"  "32"  "64"  "128"  "256"  "512"  "1024"  "2048"  "4096"  "8192"  "16384"
"64"   735831  1033216  1279447  1421755  1188789 
"128"   329812  152053  1319723  287742  1637771  1471662 
"256"   454820  917880  1319408  1506359  143245  1718521  1561112 
"512"   598884  571320  239039  362089  934580  1741948  1518938  1729323 
"1024"   560129  869284  700898  1164956  1187831  1345623  1418508  1551198  1383774 
"2048"   595002  864108  1144133  1136564  1168888  1622638  1431225  1490582  1387530  1276781 
"4096"   607453  915683  1031712  1358113  1168237  1589432  1531755  1558574  1446384  1274867  1346088 
"8192"   622630  874832  1049863  1413120  1580862  1444548  1589197  1522106  1672185  1226003  1365551  1458714 
"16384"   650236  927691  1141257  1381107  1555203  1565905  1646614  1634162  1698504  1346389  1402730  1515487  1348159 
"32768"   0  0  0  0  1465674  1583985  1646117  1716939  1597592  1503876  1498106  1518648  1500575 
"65536"   0  0  0  0  1571118  1516368  1741311  1588368  1707201  1580931  1552650  1492370  1554319 
"131072"   0  0  0  0  1631933  1709648  1760960  1634743  1690418  1527575  1533703  1523439  1606374 
"262144"   0  0  0  0  1639535  1719293  1713919  1763544  1665475  1577215  1576379  1616884  1615888 
"524288"   0  0  0  0  1657827  1743303  1753688  1754903  1569156  1573782  1615993  1589435  1604235 
