	Iozone: Performance Test of File I/O
	        Version $Revision: 3.492 $
		Compiled for 64 bit mode.
		Build: linux 

	Contributors:William Norcott, Don Capps, Isom Crawford, Kirby Collins
	             Al Slater, Scott Rhine, Mike Wisner, Ken Goss
	             Steve Landherr, Brad Smith, Mark Kelly, Dr. Alain CYR,
	             Randy Dunlap, Mark Montague, Dan Million, Gavin Brebner,
	             Jean-Marc Zucconi, Jeff Blomberg, Benny Halevy, Dave Boone,
	             Erik Habbinga, Kris Strecker, Walter Wong, Joshua Root,
	             Fabrice Bacchella, Zhenghua Xue, Qin Li, Darren Sawyer,
	             Vangel Bojaxhi, Ben England, Vikentsi Lapa,
	             Alexey Skidanov, Sudhir Kumar.

	Run began: Mon Nov 22 16:50:49 2021

	Excel chart generation enabled
	Auto Mode
	Command line used: iozone -Ra
	Output is in kBytes/sec
	Time Resolution = 0.000001 seconds.
	Processor cache size set to 1024 kBytes.
	Processor cache line size set to 32 bytes.
	File stride size set to 17 * record size.
                                                              random    random     bkwd    record    stride                                    
              kB  reclen    write  rewrite    read    reread    read     write     read   rewrite      read   fwrite frewrite    fread  freread
              64       4   107382   639427    65236   175815   113273   260160    23231    204474     69945    51534   582535   188137   821391
              64       8   331481   166233   328238   500060   901377   710511    31809    725882   1017549   752329   889431   581273  1049372
              64      16   388021   496362  1232453  1002351  1204796    28469   459802    541412    916769   172095   939223   831569  1204796
              64      32   340306  1204796  1553394  1828508   306151    75470   666414    983980   1124074   901377  1562436   474430   801764
              64      64   149229  1226821  1722886  2133730   270108   653436   926260   1163036   1421755   454354   666414   913649  1392258
             128       4   118966   584313   418513   719853   624409   333293   571257    621518    486822    97936   576780   735635   122021
             128       8    61246   281407   559353   272273    91090   761728   853794    170445   1057236   150055   372102  1057236  1217930
             128      16   502309  1007629  1048974  1561553    97865   435487   113364     75649    824932   115734   876086  1254941  1521718
             128      32   582412   143325   145975   612303  1165070  1065630  1162547    129936   1363288  1111981  1387960   342216  1705404
             128      64   144951   488594  1455701  1778862  1440082   144483   604036   1040839   1471662   831319  1642783   142074   542400
             128     128   214336  1278855  1878447  2098744   262296   895074   627328    138518   1009524  1007629  1281909  1152564  1663139
             256       4   153483   744204   592636   454627   219767   325790   129027    167332    635047   416210   479390   757326   201573
             256       8   413008  1012194  1219045   249254  1016025   121963   750445    797250    203521   671589   195410  1044693  1173737
             256      16   147455   658008  1235882  1523457   243103   359495   251473   1016025   1008392   147556   526910  1148625   258061
             256      32   159502  1226004   264741   821025  1489641  1137672   186032   1267990    237458   894929   412849   254211   505812
             256      64   407058  1384034   201914  1532153  1683493   274698   287342   1391207   1881098   160600  1368162  1004618   763791
             256     128   458706  1339154  1814348   269797  1311351  1185399  1471270   1147398   1610276   227545  1673001   739590   250768
             256     256   322851  1031644  1354356  1600674  1286217   174484  1052888    812329   1131677   459687  1274008  1158540  1319408
             512       4   301198   566946   306748   706221   263081   514514   274060    151928    299434   288453   490987   305830   592604
             512       8   466762   642419   288803  1071167   284593   650593   284895    295804    251732   313693   552363  1096322   274375
             512      16   291389   747521  1429934  1155924  1414860   929322  1204552    912733    446851   186319   680702  1379416   774759
             512      32   281165   994294  1667552   434642   209842   630536   327769    354089   1625889   313922   503418   330748  1640796
             512      64   232718   447503  1340664  1199171  1645826   383218  1501940    540137   1520013   365727  1305615   488530  1652157
             512     128   339265   792778  1869318   464139  1736314   438011  1442420    306048   1199171   328421   714920   298518  1125040
             512     256   736750  1387437   509026  1897396   438368   971357   557237   1279935    562638   294587  1483267   502475  1630828
             512     512   568296  1024169   438011   753025   213514   333573   381516    439175   1640796   382399  1433753   395353  1753325
            1024       4   238970   420670   317515   510224   290656   400470   452301    288450    322837   283182   432228   403783   629040
            1024       8   212266   750238   973296  1048113   792019   704230   232150    521119    475590   636404   698050   605197   457164
            1024      16   337076  1020956   642016  1147832   604175   886692   304590    457310    810095   498556   776975   983774  1091809
            1024      32   368609  1002839   593243  1284839   528363   917570  1125277    528104    545544   369021   771670   735086  1317957
            1024      64   258517  1141730   562035   621755   440789  1057924   729344   1771262    602734   523788   877454  1698417   499251
            1024     128   379253  1141730   620587  1265904   632467  1082454   668809    378985    595051   556861  1047091   600627  1462462
            1024     256   330336   964986  1221964  1762539   660580  1056883   361474    598117    790852   631352  1194770  1747480  1145383
            1024     512   266953  1217806  1008964   964336  1825466   955327   263708    605965    701355   559254  1264413  1735476  1154311
            1024    1024   581516  1190465  1411979  1759651  1238168  1058967  1005892    730833    825827   845664   911726   549945  1097388
            2048       4   342299   414656   515082   669529   478180   371684   418984    436662    451916   403533   478047   597984   598151
            2048       8   295696   519914   562175   898640   527838   499391   598651    689799    506428   649777   662557   615377   948136
            2048      16   445586   955200   666671   791932   421823   695383   622693    561110    322374   500001   625368   416768   706710
            2048      32   462102   955732   600576  1286533   509189   942002   851516    604464    891552   546266   819509   764990   981840
            2048      64   423487  1121576   812071  1651654   976261   746379   415418    895829    838631   633625   689577   822490  1301938
            2048     128   513266   683324   487018   835287  1283841  1069489   705202    673942   1192085   713579   938605   708167   874845
            2048     256   516538  1180454   978039  1662201   372781  1297807   886583    839286   1189279   442990   951708   949499  1400881
            2048     512   289264   793761  1557330  1549185   795894   859096   779004    764174    984090   827163   993193   572555  1382840
            2048    1024   508165   859439  1234397  1339497   914717  1082973   671938    752657    932998   632133  1517172  1272808  1506000
            2048    2048   446768   806354  1096381  1303518   591234  1059464  1190763   1058420    746055  1011913   699688  1351722   802212
            4096       4   278808   506365   541237   451355   369008   445214   424888    459713    415496   445943   431018   534785   471019
            4096       8   299505   761188   744722   825645   653903   602975   694001    671697    667521   538304   631803   709038   661277
            4096      16   383480   953705   796736  1209015   722517   841086   778115    641307    546575   662144   729574   573909   860163
            4096      32   424018   901177   931976  1075031   742021   822798   956573    910635    870933   591495   851719   819501   986282
            4096      64   537596   735382  1235623  1545674  1079896   959029   927949   1104402    821696   765734   988894   790576  1381484
            4096     128   493436   932583  1417737  1542067   866671   889650  1172943    782724   1143814   782581  1001986   702716  1293002
            4096     256   449560  1030721  1054315  1134673  1026043  1187208  1277617    747607   1212513   850875   906168  1032021  1584448
            4096     512   462087  1199727  1086521  1457550  1071945  1238206  1450413    911650   1283247   704271   888132  1161680   952542
            4096    1024   474230   950119  1465008  1457674   759505   988211  1112483    730256   1228906   728182   963331   841416  1451884
            4096    2048   670910   884110  1388069   993469  1297396  1194555   792582   1266876   1277142   801905  1508619   783009  1052958
            4096    4096   659475  1209355  1427633  1347355  1001928  1020436  1250645   1141306   1323482   870183   933901   985547  1167998
            8192       4   291498   557590   579668   677081   504527   462852   513953    561444    474183   411598   421572   587157   631174
            8192       8   400566   633081   883810   795570   678311   709636   657252    855554    671747   568015   461862   771144   833452
            8192      16   419887   893161   911137  1238375   724570   787547   962975    906498    872521   671366   769056   848560  1237261
            8192      32   436553  1081317  1002565  1474426   876148   823464   995017   1019038   1158031   724250   706455  1017378  1372862
            8192      64   419134  1024782  1194008  1386602  1208071  1011985  1373576   1149085   1093291   910630   846970  1335302  1305470
            8192     128   538100  1266540  1023348  1290709  1020915  1071972  1170458   1379089   1038158   834991   836434  1288628  1152516
            8192     256   533330  1161319  1354943  1649625  1279177  1160652  1224910   1203122   1083294   929726   839520  1466309  1243080
            8192     512   545550   993463  1221948  1113161  1285013  1039446  1143198   1003678   1744520   769779   958462  1081589  1495409
            8192    1024   679209   950797  1609747  1197128  1070436  1036561  1230393   1008125   1377541   780037   849168  1413120  1422480
            8192    2048   592084  1121262  1196086  1249362  1211650  1081726  1339205   1308852    998312   989857   892952   935040  1390361
            8192    4096   610429  1136843  1318748  1083329  1286264   937949  1312401   1159360   1139860   899921  1498932  1404398  1288628
            8192    8192   483301  1258192  1529764  1467311  1255480  1141451  1059086   1155112   1381251  1030839  1306562  1172294  1145904
           16384       4   301386   564399   559564   635580   423938   489835   498813    611025    442894   221160   450442   514977   572648
           16384       8   370863   735732   661770   788910   518990   626969   662593    740289    689326   559674   665719   804868   904884
           16384      16   468902   923825  1059426  1134007   884377   844408   937039    995144    979903   745947   810573  1019216  1169378
           16384      32   534549  1039207  1191313  1248382  1092783   917926  1240831   1281701   1051869   771082   915151  1067075  1348371
           16384      64   486386  1028306  1215245  1373351  1156585  1122339  1240360   1233547   1323646   751938  1002943  1433303  1273035
           16384     128   633710  1026432  1170553  1376239  1260796   926690  1405771   1179211   1301238   852125   927328  1448622  1543051
           16384     256   602486  1248768  1066115  1446731  1311345  1136520  1445180   1262070   1151932   901016   999268  1303707  1635134
           16384     512   657597  1180487  1381107  1578096  1244696  1126515  1245554   1036824   1247453   830991   943394  1315260  1540733
           16384    1024   527002  1154778  1443389  1472587  1260611  1117139  1269296   1115235   1294376   805821   860242  1115923  1138252
           16384    2048   571824  1153983  1167947  1212822  1092488  1161413  1262139   1046837   1135487   888849   947112  1266046  1411199
           16384    4096   598003  1154526  1329201  1287633  1280316  1216881  1279601   1209151   1027399  1029785  1019277   979610  1304152
           16384    8192   661662  1277603  1360248  1370229  1398334  1146455  1361137   1109491   1264764   969070  1595463  1107167  1495859
           16384   16384   675629  1367040  1394135  1493550  1415821  1181928  1314405   1226436   1338131  1292939  1333871  1458429  1483779
           32768      64   539444  1157597  1156973  1285018  1209415  1095403  1147938   1266253   1229067   798846   600960  1063894  1377850
           32768     128   519820  1244131  1173009  1502840  1228374  1027305  1154854   1103406   1213355   947385  1095289  1421486  1670730
           32768     256   678708  1354561  1296315  1498726  1368344  1193079  1481042   1374680   1202232   903420   929716  1402441  1439139
           32768     512   632281  1219459  1001283  1217914  1391310  1229341  1369898   1107174   1332743   919442   981610  1365055  1536028
           32768    1024   649231   718959  1413940  1620899  1378541  1149272  1383147   1079775   1355897   870727   913903  1407193  1536526
           32768    2048   669937  1244041  1351085  1480436  1329327  1229209  1165657   1067430   1213269   862087   901949  1301815  1359559
           32768    4096   604688  1162895  1394557  1336476  1316770  1200646  1191435   1004011   1110583   832222   926539  1296143  1535514
           32768    8192   642674  1307948  1282560  1471717  1322573  1216652  1280302   1280147   1329649   986570  1173299  1351989  1362659
           32768   16384   633418  1219145  1424447  1474432  1389538  1175527  1183983   1071165   1342848  1021191  1536303  1346756  1439335
           65536      64   671144  1303370  1463612  1616730  1267204  1123285  1267104   1200467   1157737   706809  1059542  1206478  1561985
           65536     128   451660   717015  1453705  1482782  1364254  1117599  1184651   1052467   1190072   771057   998902  1047170  1441620
           65536     256   589787  1307922  1144271  1509697  1212621  1239636  1197246   1151514   1189701   793527  1002860  1288324  1036779
           65536     512   591111  1199262  1249974  1397740  1155712  1265104  1131004    951576   1177621   770458   887095  1195673  1610498
           65536    1024   587413  1223780  1174943  1388533  1089921  1203267  1141046    907661   1103746   715215   837790  1067135  1524619
           65536    2048   607917  1082576  1159211  1357248  1046397   575564   934851   1000200   1061260   760967   831779  1068442  1322038
           65536    4096   598228  1167781  1031070  1343529  1092155  1206261  1121653    959642   1172293   833143   813686  1236947  1350115
           65536    8192   636884  1189531  1283865  1434990  1236852  1212150  1256396   1135747   1317097   886903   984555  1216851  1388063
           65536   16384   552972  1224466  1250042  1353966  1105104  1187204  1177304   1116473   1017513  1000440  1065761  1167785  1344272
          131072      64   629902  1216094  1409378  1600799  1360388  1201106  1243780   1273482   1287493   877963   974637  1229142  1587042
          131072     128   590151  1190502  1288773  1678993  1148063  1160638  1446022   1209954   1458138   892349   991902  1350280  1582400
          131072     256   652709  1232979  1368539  1468907  1276744  1269670  1291896   1046247   1253256   908537   931928  1343999  1699427
          131072     512   657410  1217394  1309788  1576899  1259897  1234269  1366444    978142   1384266   868969   908085  1010281  1542313
          131072    1024   641468  1237637  1297050  1441491  1179298  1159497  1253293   1078862   1314652   794886   745939  1415343  1523895
          131072    2048   656923   760733   743578   598420  1210916  1027692  1011358   1008998   1289027   734753   832752  1118399  1422513
          131072    4096   639718  1190816  1228716  1375734  1191454  1160956  1224799   1098435   1295381   785440   865236  1244157  1359924
          131072    8192   648528  1249590  1328375  1324107  1202296  1204340  1363218   1079794   1201261   830679   857408  1213978  1366841
          131072   16384   659243  1198362  1172042  1373432  1306110  1250867  1237556    738680    897723   609628   944581  1266298  1432966
          262144      64   652438  1232899  1444121  1575726  1234937  1175634  1325773   1229084   1341445   984785   992849  1365987  1596628
          262144     128   651807  1066319  1444749  1659487  1437650  1217959  1445953   1389512   1440968   929160  1010114  1459899  1599364
          262144     256   675381  1235717  1005249  1229672  1488473  1271407  1427963   1357254   1523952   964448   991471  1537789  1644990
          262144     512   667610  1249381  1360507  1524022  1455798  1250764  1493883   1209637   1452110   868017   959914  1415311  1458315
          262144    1024   591169  1157900  1431300  1568841  1407258  1124643  1434628   1058786   1152960   752800   754640  1474275  1548571
          262144    2048   664417  1199638  1336384  1406457  1253234  1241212  1249452   1147871   1388849   798898   839336  1259974  1423233
          262144    4096   626590  1115990  1324609  1421373  1269474  1146375  1258933    842977   1349150   791753   735828  1275173  1358131
          262144    8192   583946  1235369  1347915  1369562  1294576  1211022  1310424    814731   1165888   794373   857708  1311146  1355701
          262144   16384   645824  1088258  1252940  1388107  1327284  1264306  1358597   1128068   1276018   851819   883648  1399929  1450753
          524288      64   671944  1195478  1414189  1555308  1233267  1176330  1330902   1346305   1401797   965772   902482  1355134  1497828
          524288     128   683747  1022382  1547992  1620939  1544189  1209985  1432695   1253422   1525889   981908   986412  1541433  1643417
          524288     256   682825  1282661  1595316  1703909  1565072  1244618  1604804   1327304   1604843   946057  1018475  1613898  1712308
          524288     512   685770  1304952  1586736  1632970  1541384  1231489  1503567   1241626   1558447   837441   960248  1587798  1570683
          524288    1024   677438  1231061  1566980  1513681  1524438  1226771  1470508   1167827   1566984   833664   868247  1473559  1401652
          524288    2048   557442  1006602  1154552   883679  1164786  1031549  1064012    992952   1115741   661607   705666  1157184  1176160
          524288    4096   569026  1023478  1165227  1158870  1128008  1037000  1131662   1010862   1183919   708934   718648  1136736  1170223
          524288    8192   579941  1061225  1154905  1199534  1150202  1051094  1152218   1043841   1165118   720138   719156  1145861   698740
          524288   16384   422131   986093  1075762  1197247  1141188  1049194  1128673   1047507   1174482   725062   746742  1156202  1199422

iozone test complete.
Excel output is below:

"Writer report"
        "4"  "8"  "16"  "32"  "64"  "128"  "256"  "512"  "1024"  "2048"  "4096"  "8192"  "16384"
"64"   107382  331481  388021  340306  149229 
"128"   118966  61246  502309  582412  144951  214336 
"256"   153483  413008  147455  159502  407058  458706  322851 
"512"   301198  466762  291389  281165  232718  339265  736750  568296 
"1024"   238970  212266  337076  368609  258517  379253  330336  266953  581516 
"2048"   342299  295696  445586  462102  423487  513266  516538  289264  508165  446768 
"4096"   278808  299505  383480  424018  537596  493436  449560  462087  474230  670910  659475 
"8192"   291498  400566  419887  436553  419134  538100  533330  545550  679209  592084  610429  483301 
"16384"   301386  370863  468902  534549  486386  633710  602486  657597  527002  571824  598003  661662  675629 
"32768"   0  0  0  0  539444  519820  678708  632281  649231  669937  604688  642674  633418 
"65536"   0  0  0  0  671144  451660  589787  591111  587413  607917  598228  636884  552972 
"131072"   0  0  0  0  629902  590151  652709  657410  641468  656923  639718  648528  659243 
"262144"   0  0  0  0  652438  651807  675381  667610  591169  664417  626590  583946  645824 
"524288"   0  0  0  0  671944  683747  682825  685770  677438  557442  569026  579941  422131 

"Re-writer report"
        "4"  "8"  "16"  "32"  "64"  "128"  "256"  "512"  "1024"  "2048"  "4096"  "8192"  "16384"
"64"   639427  166233  496362  1204796  1226821 
"128"   584313  281407  1007629  143325  488594  1278855 
"256"   744204  1012194  658008  1226004  1384034  1339154  1031644 
"512"   566946  642419  747521  994294  447503  792778  1387437  1024169 
"1024"   420670  750238  1020956  1002839  1141730  1141730  964986  1217806  1190465 
"2048"   414656  519914  955200  955732  1121576  683324  1180454  793761  859439  806354 
"4096"   506365  761188  953705  901177  735382  932583  1030721  1199727  950119  884110  1209355 
"8192"   557590  633081  893161  1081317  1024782  1266540  1161319  993463  950797  1121262  1136843  1258192 
"16384"   564399  735732  923825  1039207  1028306  1026432  1248768  1180487  1154778  1153983  1154526  1277603  1367040 
"32768"   0  0  0  0  1157597  1244131  1354561  1219459  718959  1244041  1162895  1307948  1219145 
"65536"   0  0  0  0  1303370  717015  1307922  1199262  1223780  1082576  1167781  1189531  1224466 
"131072"   0  0  0  0  1216094  1190502  1232979  1217394  1237637  760733  1190816  1249590  1198362 
"262144"   0  0  0  0  1232899  1066319  1235717  1249381  1157900  1199638  1115990  1235369  1088258 
"524288"   0  0  0  0  1195478  1022382  1282661  1304952  1231061  1006602  1023478  1061225  986093 

"Reader report"
        "4"  "8"  "16"  "32"  "64"  "128"  "256"  "512"  "1024"  "2048"  "4096"  "8192"  "16384"
"64"   65236  328238  1232453  1553394  1722886 
"128"   418513  559353  1048974  145975  1455701  1878447 
"256"   592636  1219045  1235882  264741  201914  1814348  1354356 
"512"   306748  288803  1429934  1667552  1340664  1869318  509026  438011 
"1024"   317515  973296  642016  593243  562035  620587  1221964  1008964  1411979 
"2048"   515082  562175  666671  600576  812071  487018  978039  1557330  1234397  1096381 
"4096"   541237  744722  796736  931976  1235623  1417737  1054315  1086521  1465008  1388069  1427633 
"8192"   579668  883810  911137  1002565  1194008  1023348  1354943  1221948  1609747  1196086  1318748  1529764 
"16384"   559564  661770  1059426  1191313  1215245  1170553  1066115  1381107  1443389  1167947  1329201  1360248  1394135 
"32768"   0  0  0  0  1156973  1173009  1296315  1001283  1413940  1351085  1394557  1282560  1424447 
"65536"   0  0  0  0  1463612  1453705  1144271  1249974  1174943  1159211  1031070  1283865  1250042 
"131072"   0  0  0  0  1409378  1288773  1368539  1309788  1297050  743578  1228716  1328375  1172042 
"262144"   0  0  0  0  1444121  1444749  1005249  1360507  1431300  1336384  1324609  1347915  1252940 
"524288"   0  0  0  0  1414189  1547992  1595316  1586736  1566980  1154552  1165227  1154905  1075762 

"Re-Reader report"
        "4"  "8"  "16"  "32"  "64"  "128"  "256"  "512"  "1024"  "2048"  "4096"  "8192"  "16384"
"64"   175815  500060  1002351  1828508  2133730 
"128"   719853  272273  1561553  612303  1778862  2098744 
"256"   454627  249254  1523457  821025  1532153  269797  1600674 
"512"   706221  1071167  1155924  434642  1199171  464139  1897396  753025 
"1024"   510224  1048113  1147832  1284839  621755  1265904  1762539  964336  1759651 
"2048"   669529  898640  791932  1286533  1651654  835287  1662201  1549185  1339497  1303518 
"4096"   451355  825645  1209015  1075031  1545674  1542067  1134673  1457550  1457674  993469  1347355 
"8192"   677081  795570  1238375  1474426  1386602  1290709  1649625  1113161  1197128  1249362  1083329  1467311 
"16384"   635580  788910  1134007  1248382  1373351  1376239  1446731  1578096  1472587  1212822  1287633  1370229  1493550 
"32768"   0  0  0  0  1285018  1502840  1498726  1217914  1620899  1480436  1336476  1471717  1474432 
"65536"   0  0  0  0  1616730  1482782  1509697  1397740  1388533  1357248  1343529  1434990  1353966 
"131072"   0  0  0  0  1600799  1678993  1468907  1576899  1441491  598420  1375734  1324107  1373432 
"262144"   0  0  0  0  1575726  1659487  1229672  1524022  1568841  1406457  1421373  1369562  1388107 
"524288"   0  0  0  0  1555308  1620939  1703909  1632970  1513681  883679  1158870  1199534  1197247 

"Random read report"
        "4"  "8"  "16"  "32"  "64"  "128"  "256"  "512"  "1024"  "2048"  "4096"  "8192"  "16384"
"64"   113273  901377  1204796  306151  270108 
"128"   624409  91090  97865  1165070  1440082  262296 
"256"   219767  1016025  243103  1489641  1683493  1311351  1286217 
"512"   263081  284593  1414860  209842  1645826  1736314  438368  213514 
"1024"   290656  792019  604175  528363  440789  632467  660580  1825466  1238168 
"2048"   478180  527838  421823  509189  976261  1283841  372781  795894  914717  591234 
"4096"   369008  653903  722517  742021  1079896  866671  1026043  1071945  759505  1297396  1001928 
"8192"   504527  678311  724570  876148  1208071  1020915  1279177  1285013  1070436  1211650  1286264  1255480 
"16384"   423938  518990  884377  1092783  1156585  1260796  1311345  1244696  1260611  1092488  1280316  1398334  1415821 
"32768"   0  0  0  0  1209415  1228374  1368344  1391310  1378541  1329327  1316770  1322573  1389538 
"65536"   0  0  0  0  1267204  1364254  1212621  1155712  1089921  1046397  1092155  1236852  1105104 
"131072"   0  0  0  0  1360388  1148063  1276744  1259897  1179298  1210916  1191454  1202296  1306110 
"262144"   0  0  0  0  1234937  1437650  1488473  1455798  1407258  1253234  1269474  1294576  1327284 
"524288"   0  0  0  0  1233267  1544189  1565072  1541384  1524438  1164786  1128008  1150202  1141188 

"Random write report"
        "4"  "8"  "16"  "32"  "64"  "128"  "256"  "512"  "1024"  "2048"  "4096"  "8192"  "16384"
"64"   260160  710511  28469  75470  653436 
"128"   333293  761728  435487  1065630  144483  895074 
"256"   325790  121963  359495  1137672  274698  1185399  174484 
"512"   514514  650593  929322  630536  383218  438011  971357  333573 
"1024"   400470  704230  886692  917570  1057924  1082454  1056883  955327  1058967 
"2048"   371684  499391  695383  942002  746379  1069489  1297807  859096  1082973  1059464 
"4096"   445214  602975  841086  822798  959029  889650  1187208  1238206  988211  1194555  1020436 
"8192"   462852  709636  787547  823464  1011985  1071972  1160652  1039446  1036561  1081726  937949  1141451 
"16384"   489835  626969  844408  917926  1122339  926690  1136520  1126515  1117139  1161413  1216881  1146455  1181928 
"32768"   0  0  0  0  1095403  1027305  1193079  1229341  1149272  1229209  1200646  1216652  1175527 
"65536"   0  0  0  0  1123285  1117599  1239636  1265104  1203267  575564  1206261  1212150  1187204 
"131072"   0  0  0  0  1201106  1160638  1269670  1234269  1159497  1027692  1160956  1204340  1250867 
"262144"   0  0  0  0  1175634  1217959  1271407  1250764  1124643  1241212  1146375  1211022  1264306 
"524288"   0  0  0  0  1176330  1209985  1244618  1231489  1226771  1031549  1037000  1051094  1049194 

"Backward read report"
        "4"  "8"  "16"  "32"  "64"  "128"  "256"  "512"  "1024"  "2048"  "4096"  "8192"  "16384"
"64"   23231  31809  459802  666414  926260 
"128"   571257  853794  113364  1162547  604036  627328 
"256"   129027  750445  251473  186032  287342  1471270  1052888 
"512"   274060  284895  1204552  327769  1501940  1442420  557237  381516 
"1024"   452301  232150  304590  1125277  729344  668809  361474  263708  1005892 
"2048"   418984  598651  622693  851516  415418  705202  886583  779004  671938  1190763 
"4096"   424888  694001  778115  956573  927949  1172943  1277617  1450413  1112483  792582  1250645 
"8192"   513953  657252  962975  995017  1373576  1170458  1224910  1143198  1230393  1339205  1312401  1059086 
"16384"   498813  662593  937039  1240831  1240360  1405771  1445180  1245554  1269296  1262139  1279601  1361137  1314405 
"32768"   0  0  0  0  1147938  1154854  1481042  1369898  1383147  1165657  1191435  1280302  1183983 
"65536"   0  0  0  0  1267104  1184651  1197246  1131004  1141046  934851  1121653  1256396  1177304 
"131072"   0  0  0  0  1243780  1446022  1291896  1366444  1253293  1011358  1224799  1363218  1237556 
"262144"   0  0  0  0  1325773  1445953  1427963  1493883  1434628  1249452  1258933  1310424  1358597 
"524288"   0  0  0  0  1330902  1432695  1604804  1503567  1470508  1064012  1131662  1152218  1128673 

"Record rewrite report"
        "4"  "8"  "16"  "32"  "64"  "128"  "256"  "512"  "1024"  "2048"  "4096"  "8192"  "16384"
"64"   204474  725882  541412  983980  1163036 
"128"   621518  170445  75649  129936  1040839  138518 
"256"   167332  797250  1016025  1267990  1391207  1147398  812329 
"512"   151928  295804  912733  354089  540137  306048  1279935  439175 
"1024"   288450  521119  457310  528104  1771262  378985  598117  605965  730833 
"2048"   436662  689799  561110  604464  895829  673942  839286  764174  752657  1058420 
"4096"   459713  671697  641307  910635  1104402  782724  747607  911650  730256  1266876  1141306 
"8192"   561444  855554  906498  1019038  1149085  1379089  1203122  1003678  1008125  1308852  1159360  1155112 
"16384"   611025  740289  995144  1281701  1233547  1179211  1262070  1036824  1115235  1046837  1209151  1109491  1226436 
"32768"   0  0  0  0  1266253  1103406  1374680  1107174  1079775  1067430  1004011  1280147  1071165 
"65536"   0  0  0  0  1200467  1052467  1151514  951576  907661  1000200  959642  1135747  1116473 
"131072"   0  0  0  0  1273482  1209954  1046247  978142  1078862  1008998  1098435  1079794  738680 
"262144"   0  0  0  0  1229084  1389512  1357254  1209637  1058786  1147871  842977  814731  1128068 
"524288"   0  0  0  0  1346305  1253422  1327304  1241626  1167827  992952  1010862  1043841  1047507 

"Stride read report"
        "4"  "8"  "16"  "32"  "64"  "128"  "256"  "512"  "1024"  "2048"  "4096"  "8192"  "16384"
"64"   69945  1017549  916769  1124074  1421755 
"128"   486822  1057236  824932  1363288  1471662  1009524 
"256"   635047  203521  1008392  237458  1881098  1610276  1131677 
"512"   299434  251732  446851  1625889  1520013  1199171  562638  1640796 
"1024"   322837  475590  810095  545544  602734  595051  790852  701355  825827 
"2048"   451916  506428  322374  891552  838631  1192085  1189279  984090  932998  746055 
"4096"   415496  667521  546575  870933  821696  1143814  1212513  1283247  1228906  1277142  1323482 
"8192"   474183  671747  872521  1158031  1093291  1038158  1083294  1744520  1377541  998312  1139860  1381251 
"16384"   442894  689326  979903  1051869  1323646  1301238  1151932  1247453  1294376  1135487  1027399  1264764  1338131 
"32768"   0  0  0  0  1229067  1213355  1202232  1332743  1355897  1213269  1110583  1329649  1342848 
"65536"   0  0  0  0  1157737  1190072  1189701  1177621  1103746  1061260  1172293  1317097  1017513 
"131072"   0  0  0  0  1287493  1458138  1253256  1384266  1314652  1289027  1295381  1201261  897723 
"262144"   0  0  0  0  1341445  1440968  1523952  1452110  1152960  1388849  1349150  1165888  1276018 
"524288"   0  0  0  0  1401797  1525889  1604843  1558447  1566984  1115741  1183919  1165118  1174482 

"Fwrite report"
        "4"  "8"  "16"  "32"  "64"  "128"  "256"  "512"  "1024"  "2048"  "4096"  "8192"  "16384"
"64"   51534  752329  172095  901377  454354 
"128"   97936  150055  115734  1111981  831319  1007629 
"256"   416210  671589  147556  894929  160600  227545  459687 
"512"   288453  313693  186319  313922  365727  328421  294587  382399 
"1024"   283182  636404  498556  369021  523788  556861  631352  559254  845664 
"2048"   403533  649777  500001  546266  633625  713579  442990  827163  632133  1011913 
"4096"   445943  538304  662144  591495  765734  782581  850875  704271  728182  801905  870183 
"8192"   411598  568015  671366  724250  910630  834991  929726  769779  780037  989857  899921  1030839 
"16384"   221160  559674  745947  771082  751938  852125  901016  830991  805821  888849  1029785  969070  1292939 
"32768"   0  0  0  0  798846  947385  903420  919442  870727  862087  832222  986570  1021191 
"65536"   0  0  0  0  706809  771057  793527  770458  715215  760967  833143  886903  1000440 
"131072"   0  0  0  0  877963  892349  908537  868969  794886  734753  785440  830679  609628 
"262144"   0  0  0  0  984785  929160  964448  868017  752800  798898  791753  794373  851819 
"524288"   0  0  0  0  965772  981908  946057  837441  833664  661607  708934  720138  725062 

"Re-Fwrite report"
        "4"  "8"  "16"  "32"  "64"  "128"  "256"  "512"  "1024"  "2048"  "4096"  "8192"  "16384"
"64"   582535  889431  939223  1562436  666414 
"128"   576780  372102  876086  1387960  1642783  1281909 
"256"   479390  195410  526910  412849  1368162  1673001  1274008 
"512"   490987  552363  680702  503418  1305615  714920  1483267  1433753 
"1024"   432228  698050  776975  771670  877454  1047091  1194770  1264413  911726 
"2048"   478047  662557  625368  819509  689577  938605  951708  993193  1517172  699688 
"4096"   431018  631803  729574  851719  988894  1001986  906168  888132  963331  1508619  933901 
"8192"   421572  461862  769056  706455  846970  836434  839520  958462  849168  892952  1498932  1306562 
"16384"   450442  665719  810573  915151  1002943  927328  999268  943394  860242  947112  1019277  1595463  1333871 
"32768"   0  0  0  0  600960  1095289  929716  981610  913903  901949  926539  1173299  1536303 
"65536"   0  0  0  0  1059542  998902  1002860  887095  837790  831779  813686  984555  1065761 
"131072"   0  0  0  0  974637  991902  931928  908085  745939  832752  865236  857408  944581 
"262144"   0  0  0  0  992849  1010114  991471  959914  754640  839336  735828  857708  883648 
"524288"   0  0  0  0  902482  986412  1018475  960248  868247  705666  718648  719156  746742 

"Fread report"
        "4"  "8"  "16"  "32"  "64"  "128"  "256"  "512"  "1024"  "2048"  "4096"  "8192"  "16384"
"64"   188137  581273  831569  474430  913649 
"128"   735635  1057236  1254941  342216  142074  1152564 
"256"   757326  1044693  1148625  254211  1004618  739590  1158540 
"512"   305830  1096322  1379416  330748  488530  298518  502475  395353 
"1024"   403783  605197  983774  735086  1698417  600627  1747480  1735476  549945 
"2048"   597984  615377  416768  764990  822490  708167  949499  572555  1272808  1351722 
"4096"   534785  709038  573909  819501  790576  702716  1032021  1161680  841416  783009  985547 
"8192"   587157  771144  848560  1017378  1335302  1288628  1466309  1081589  1413120  935040  1404398  1172294 
"16384"   514977  804868  1019216  1067075  1433303  1448622  1303707  1315260  1115923  1266046  979610  1107167  1458429 
"32768"   0  0  0  0  1063894  1421486  1402441  1365055  1407193  1301815  1296143  1351989  1346756 
"65536"   0  0  0  0  1206478  1047170  1288324  1195673  1067135  1068442  1236947  1216851  1167785 
"131072"   0  0  0  0  1229142  1350280  1343999  1010281  1415343  1118399  1244157  1213978  1266298 
"262144"   0  0  0  0  1365987  1459899  1537789  1415311  1474275  1259974  1275173  1311146  1399929 
"524288"   0  0  0  0  1355134  1541433  1613898  1587798  1473559  1157184  1136736  1145861  1156202 

"Re-Fread report"
        "4"  "8"  "16"  "32"  "64"  "128"  "256"  "512"  "1024"  "2048"  "4096"  "8192"  "16384"
"64"   821391  1049372  1204796  801764  1392258 
"128"   122021  1217930  1521718  1705404  542400  1663139 
"256"   201573  1173737  258061  505812  763791  250768  1319408 
"512"   592604  274375  774759  1640796  1652157  1125040  1630828  1753325 
"1024"   629040  457164  1091809  1317957  499251  1462462  1145383  1154311  1097388 
"2048"   598151  948136  706710  981840  1301938  874845  1400881  1382840  1506000  802212 
"4096"   471019  661277  860163  986282  1381484  1293002  1584448  952542  1451884  1052958  1167998 
"8192"   631174  833452  1237261  1372862  1305470  1152516  1243080  1495409  1422480  1390361  1288628  1145904 
"16384"   572648  904884  1169378  1348371  1273035  1543051  1635134  1540733  1138252  1411199  1304152  1495859  1483779 
"32768"   0  0  0  0  1377850  1670730  1439139  1536028  1536526  1359559  1535514  1362659  1439335 
"65536"   0  0  0  0  1561985  1441620  1036779  1610498  1524619  1322038  1350115  1388063  1344272 
"131072"   0  0  0  0  1587042  1582400  1699427  1542313  1523895  1422513  1359924  1366841  1432966 
"262144"   0  0  0  0  1596628  1599364  1644990  1458315  1548571  1423233  1358131  1355701  1450753 
"524288"   0  0  0  0  1497828  1643417  1712308  1570683  1401652  1176160  1170223  698740  1199422 
